{"total": {"lines":{"total":1387,"covered":126,"skipped":0,"pct":9.08},"statements":{"total":1568,"covered":138,"skipped":0,"pct":8.8},"functions":{"total":704,"covered":63,"skipped":0,"pct":8.94},"branches":{"total":1010,"covered":69,"skipped":0,"pct":6.83},"branchesTrue":{"total":0,"covered":0,"skipped":0,"pct":100}}
,"C:\\Users\\defre\\OneDrive\\Desktop\\Tracker\\frontend\\src\\App.tsx": {"lines":{"total":23,"covered":0,"skipped":0,"pct":0},"functions":{"total":9,"covered":0,"skipped":0,"pct":0},"statements":{"total":25,"covered":0,"skipped":0,"pct":0},"branches":{"total":15,"covered":0,"skipped":0,"pct":0}}
,"C:\\Users\\defre\\OneDrive\\Desktop\\Tracker\\frontend\\src\\api\\activity.api.ts": {"lines":{"total":5,"covered":0,"skipped":0,"pct":0},"functions":{"total":2,"covered":0,"skipped":0,"pct":0},"statements":{"total":5,"covered":0,"skipped":0,"pct":0},"branches":{"total":4,"covered":0,"skipped":0,"pct":0}}
,"C:\\Users\\defre\\OneDrive\\Desktop\\Tracker\\frontend\\src\\api\\auth.api.ts": {"lines":{"total":7,"covered":0,"skipped":0,"pct":0},"functions":{"total":3,"covered":0,"skipped":0,"pct":0},"statements":{"total":7,"covered":0,"skipped":0,"pct":0},"branches":{"total":0,"covered":0,"skipped":0,"pct":100}}
,"C:\\Users\\defre\\OneDrive\\Desktop\\Tracker\\frontend\\src\\api\\checklists.api.ts": {"lines":{"total":13,"covered":0,"skipped":0,"pct":0},"functions":{"total":7,"covered":0,"skipped":0,"pct":0},"statements":{"total":13,"covered":0,"skipped":0,"pct":0},"branches":{"total":0,"covered":0,"skipped":0,"pct":100}}
,"C:\\Users\\defre\\OneDrive\\Desktop\\Tracker\\frontend\\src\\api\\client.ts": {"lines":{"total":13,"covered":0,"skipped":0,"pct":0},"functions":{"total":3,"covered":0,"skipped":0,"pct":0},"statements":{"total":13,"covered":0,"skipped":0,"pct":0},"branches":{"total":4,"covered":0,"skipped":0,"pct":0}}
,"C:\\Users\\defre\\OneDrive\\Desktop\\Tracker\\frontend\\src\\api\\columns.api.ts": {"lines":{"total":9,"covered":0,"skipped":0,"pct":0},"functions":{"total":5,"covered":0,"skipped":0,"pct":0},"statements":{"total":9,"covered":0,"skipped":0,"pct":0},"branches":{"total":0,"covered":0,"skipped":0,"pct":100}}
,"C:\\Users\\defre\\OneDrive\\Desktop\\Tracker\\frontend\\src\\api\\issue-links.api.ts": {"lines":{"total":6,"covered":0,"skipped":0,"pct":0},"functions":{"total":3,"covered":0,"skipped":0,"pct":0},"statements":{"total":6,"covered":0,"skipped":0,"pct":0},"branches":{"total":0,"covered":0,"skipped":0,"pct":100}}
,"C:\\Users\\defre\\OneDrive\\Desktop\\Tracker\\frontend\\src\\api\\issues.api.ts": {"lines":{"total":25,"covered":0,"skipped":0,"pct":0},"functions":{"total":13,"covered":0,"skipped":0,"pct":0},"statements":{"total":25,"covered":0,"skipped":0,"pct":0},"branches":{"total":0,"covered":0,"skipped":0,"pct":100}}
,"C:\\Users\\defre\\OneDrive\\Desktop\\Tracker\\frontend\\src\\api\\labels.api.ts": {"lines":{"total":12,"covered":0,"skipped":0,"pct":0},"functions":{"total":6,"covered":0,"skipped":0,"pct":0},"statements":{"total":12,"covered":0,"skipped":0,"pct":0},"branches":{"total":0,"covered":0,"skipped":0,"pct":100}}
,"C:\\Users\\defre\\OneDrive\\Desktop\\Tracker\\frontend\\src\\api\\projects.api.ts": {"lines":{"total":12,"covered":0,"skipped":0,"pct":0},"functions":{"total":7,"covered":0,"skipped":0,"pct":0},"statements":{"total":12,"covered":0,"skipped":0,"pct":0},"branches":{"total":0,"covered":0,"skipped":0,"pct":100}}
,"C:\\Users\\defre\\OneDrive\\Desktop\\Tracker\\frontend\\src\\api\\sprints.api.ts": {"lines":{"total":14,"covered":0,"skipped":0,"pct":0},"functions":{"total":7,"covered":0,"skipped":0,"pct":0},"statements":{"total":14,"covered":0,"skipped":0,"pct":0},"branches":{"total":0,"covered":0,"skipped":0,"pct":100}}
,"C:\\Users\\defre\\OneDrive\\Desktop\\Tracker\\frontend\\src\\api\\time-tracking.api.ts": {"lines":{"total":8,"covered":0,"skipped":0,"pct":0},"functions":{"total":4,"covered":0,"skipped":0,"pct":0},"statements":{"total":8,"covered":0,"skipped":0,"pct":0},"branches":{"total":0,"covered":0,"skipped":0,"pct":100}}
,"C:\\Users\\defre\\OneDrive\\Desktop\\Tracker\\frontend\\src\\api\\users.api.ts": {"lines":{"total":12,"covered":0,"skipped":0,"pct":0},"functions":{"total":6,"covered":0,"skipped":0,"pct":0},"statements":{"total":12,"covered":0,"skipped":0,"pct":0},"branches":{"total":0,"covered":0,"skipped":0,"pct":100}}
,"C:\\Users\\defre\\OneDrive\\Desktop\\Tracker\\frontend\\src\\components\\backlog\\BacklogIssueRow.tsx": {"lines":{"total":20,"covered":20,"skipped":0,"pct":100},"functions":{"total":10,"covered":10,"skipped":0,"pct":100},"statements":{"total":25,"covered":25,"skipped":0,"pct":100},"branches":{"total":28,"covered":23,"skipped":0,"pct":82.14}}
,"C:\\Users\\defre\\OneDrive\\Desktop\\Tracker\\frontend\\src\\components\\backlog\\BacklogSection.tsx": {"lines":{"total":17,"covered":0,"skipped":0,"pct":0},"functions":{"total":9,"covered":0,"skipped":0,"pct":0},"statements":{"total":24,"covered":0,"skipped":0,"pct":0},"branches":{"total":23,"covered":0,"skipped":0,"pct":0}}
,"C:\\Users\\defre\\OneDrive\\Desktop\\Tracker\\frontend\\src\\components\\backlog\\CompleteSprintModal.tsx": {"lines":{"total":2,"covered":0,"skipped":0,"pct":0},"functions":{"total":2,"covered":0,"skipped":0,"pct":0},"statements":{"total":3,"covered":0,"skipped":0,"pct":0},"branches":{"total":9,"covered":0,"skipped":0,"pct":0}}
,"C:\\Users\\defre\\OneDrive\\Desktop\\Tracker\\frontend\\src\\components\\backlog\\SprintFormModal.tsx": {"lines":{"total":13,"covered":0,"skipped":0,"pct":0},"functions":{"total":6,"covered":0,"skipped":0,"pct":0},"statements":{"total":14,"covered":0,"skipped":0,"pct":0},"branches":{"total":20,"covered":0,"skipped":0,"pct":0}}
,"C:\\Users\\defre\\OneDrive\\Desktop\\Tracker\\frontend\\src\\components\\backlog\\SprintGroup.tsx": {"lines":{"total":39,"covered":0,"skipped":0,"pct":0},"functions":{"total":21,"covered":0,"skipped":0,"pct":0},"statements":{"total":50,"covered":0,"skipped":0,"pct":0},"branches":{"total":57,"covered":0,"skipped":0,"pct":0}}
,"C:\\Users\\defre\\OneDrive\\Desktop\\Tracker\\frontend\\src\\components\\issue-detail\\IssueDetailConstants.tsx": {"lines":{"total":23,"covered":8,"skipped":0,"pct":34.78},"functions":{"total":2,"covered":0,"skipped":0,"pct":0},"statements":{"total":29,"covered":8,"skipped":0,"pct":27.58},"branches":{"total":14,"covered":0,"skipped":0,"pct":0}}
,"C:\\Users\\defre\\OneDrive\\Desktop\\Tracker\\frontend\\src\\components\\issue-detail\\IssueDrawer.tsx": {"lines":{"total":54,"covered":0,"skipped":0,"pct":0},"functions":{"total":20,"covered":0,"skipped":0,"pct":0},"statements":{"total":61,"covered":0,"skipped":0,"pct":0},"branches":{"total":64,"covered":0,"skipped":0,"pct":0}}
,"C:\\Users\\defre\\OneDrive\\Desktop\\Tracker\\frontend\\src\\components\\issue-detail\\IssueSidebar.tsx": {"lines":{"total":36,"covered":0,"skipped":0,"pct":0},"functions":{"total":22,"covered":0,"skipped":0,"pct":0},"statements":{"total":38,"covered":0,"skipped":0,"pct":0},"branches":{"total":48,"covered":0,"skipped":0,"pct":0}}
,"C:\\Users\\defre\\OneDrive\\Desktop\\Tracker\\frontend\\src\\components\\issue-detail\\panels\\ActivityPanel.tsx": {"lines":{"total":6,"covered":0,"skipped":0,"pct":0},"functions":{"total":4,"covered":0,"skipped":0,"pct":0},"statements":{"total":6,"covered":0,"skipped":0,"pct":0},"branches":{"total":15,"covered":0,"skipped":0,"pct":0}}
,"C:\\Users\\defre\\OneDrive\\Desktop\\Tracker\\frontend\\src\\components\\issue-detail\\panels\\AttachmentsPanel.tsx": {"lines":{"total":5,"covered":0,"skipped":0,"pct":0},"functions":{"total":4,"covered":0,"skipped":0,"pct":0},"statements":{"total":5,"covered":0,"skipped":0,"pct":0},"branches":{"total":0,"covered":0,"skipped":0,"pct":100}}
,"C:\\Users\\defre\\OneDrive\\Desktop\\Tracker\\frontend\\src\\components\\issue-detail\\panels\\ChecklistPanel.tsx": {"lines":{"total":48,"covered":0,"skipped":0,"pct":0},"functions":{"total":29,"covered":0,"skipped":0,"pct":0},"statements":{"total":62,"covered":0,"skipped":0,"pct":0},"branches":{"total":38,"covered":0,"skipped":0,"pct":0}}
,"C:\\Users\\defre\\OneDrive\\Desktop\\Tracker\\frontend\\src\\components\\issue-detail\\panels\\CommentsPanel.tsx": {"lines":{"total":39,"covered":0,"skipped":0,"pct":0},"functions":{"total":18,"covered":0,"skipped":0,"pct":0},"statements":{"total":43,"covered":0,"skipped":0,"pct":0},"branches":{"total":27,"covered":0,"skipped":0,"pct":0}}
,"C:\\Users\\defre\\OneDrive\\Desktop\\Tracker\\frontend\\src\\components\\issue-detail\\panels\\LinkedIssuesPanel.tsx": {"lines":{"total":30,"covered":0,"skipped":0,"pct":0},"functions":{"total":18,"covered":0,"skipped":0,"pct":0},"statements":{"total":33,"covered":0,"skipped":0,"pct":0},"branches":{"total":19,"covered":0,"skipped":0,"pct":0}}
,"C:\\Users\\defre\\OneDrive\\Desktop\\Tracker\\frontend\\src\\components\\issue-detail\\panels\\TimeTrackingPanel.tsx": {"lines":{"total":26,"covered":0,"skipped":0,"pct":0},"functions":{"total":13,"covered":0,"skipped":0,"pct":0},"statements":{"total":30,"covered":0,"skipped":0,"pct":0},"branches":{"total":25,"covered":0,"skipped":0,"pct":0}}
,"C:\\Users\\defre\\OneDrive\\Desktop\\Tracker\\frontend\\src\\components\\issue-detail\\panels\\WatchersPanel.tsx": {"lines":{"total":11,"covered":0,"skipped":0,"pct":0},"functions":{"total":4,"covered":0,"skipped":0,"pct":0},"statements":{"total":12,"covered":0,"skipped":0,"pct":0},"branches":{"total":14,"covered":0,"skipped":0,"pct":0}}
,"C:\\Users\\defre\\OneDrive\\Desktop\\Tracker\\frontend\\src\\components\\kanban\\AddColumnButton.tsx": {"lines":{"total":18,"covered":0,"skipped":0,"pct":0},"functions":{"total":7,"covered":0,"skipped":0,"pct":0},"statements":{"total":20,"covered":0,"skipped":0,"pct":0},"branches":{"total":6,"covered":0,"skipped":0,"pct":0}}
,"C:\\Users\\defre\\OneDrive\\Desktop\\Tracker\\frontend\\src\\components\\kanban\\KanbanBoard.tsx": {"lines":{"total":63,"covered":0,"skipped":0,"pct":0},"functions":{"total":20,"covered":0,"skipped":0,"pct":0},"statements":{"total":80,"covered":0,"skipped":0,"pct":0},"branches":{"total":46,"covered":0,"skipped":0,"pct":0}}
,"C:\\Users\\defre\\OneDrive\\Desktop\\Tracker\\frontend\\src\\components\\kanban\\KanbanColumn.tsx": {"lines":{"total":23,"covered":0,"skipped":0,"pct":0},"functions":{"total":11,"covered":0,"skipped":0,"pct":0},"statements":{"total":26,"covered":0,"skipped":0,"pct":0},"branches":{"total":16,"covered":0,"skipped":0,"pct":0}}
,"C:\\Users\\defre\\OneDrive\\Desktop\\Tracker\\frontend\\src\\components\\kanban\\TaskCard.tsx": {"lines":{"total":13,"covered":0,"skipped":0,"pct":0},"functions":{"total":4,"covered":0,"skipped":0,"pct":0},"statements":{"total":16,"covered":0,"skipped":0,"pct":0},"branches":{"total":11,"covered":0,"skipped":0,"pct":0}}
,"C:\\Users\\defre\\OneDrive\\Desktop\\Tracker\\frontend\\src\\components\\layout\\Header.tsx": {"lines":{"total":8,"covered":0,"skipped":0,"pct":0},"functions":{"total":3,"covered":0,"skipped":0,"pct":0},"statements":{"total":8,"covered":0,"skipped":0,"pct":0},"branches":{"total":6,"covered":0,"skipped":0,"pct":0}}
,"C:\\Users\\defre\\OneDrive\\Desktop\\Tracker\\frontend\\src\\components\\layout\\Layout.tsx": {"lines":{"total":1,"covered":0,"skipped":0,"pct":0},"functions":{"total":1,"covered":0,"skipped":0,"pct":0},"statements":{"total":1,"covered":0,"skipped":0,"pct":0},"branches":{"total":0,"covered":0,"skipped":0,"pct":100}}
,"C:\\Users\\defre\\OneDrive\\Desktop\\Tracker\\frontend\\src\\components\\layout\\Sidebar.tsx": {"lines":{"total":20,"covered":0,"skipped":0,"pct":0},"functions":{"total":12,"covered":0,"skipped":0,"pct":0},"statements":{"total":20,"covered":0,"skipped":0,"pct":0},"branches":{"total":14,"covered":0,"skipped":0,"pct":0}}
,"C:\\Users\\defre\\OneDrive\\Desktop\\Tracker\\frontend\\src\\components\\ui\\AvatarStack.tsx": {"lines":{"total":9,"covered":0,"skipped":0,"pct":0},"functions":{"total":3,"covered":0,"skipped":0,"pct":0},"statements":{"total":9,"covered":0,"skipped":0,"pct":0},"branches":{"total":10,"covered":0,"skipped":0,"pct":0}}
,"C:\\Users\\defre\\OneDrive\\Desktop\\Tracker\\frontend\\src\\components\\ui\\Button.tsx": {"lines":{"total":3,"covered":3,"skipped":0,"pct":100},"functions":{"total":1,"covered":1,"skipped":0,"pct":100},"statements":{"total":3,"covered":3,"skipped":0,"pct":100},"branches":{"total":8,"covered":8,"skipped":0,"pct":100}}
,"C:\\Users\\defre\\OneDrive\\Desktop\\Tracker\\frontend\\src\\components\\ui\\Drawer.tsx": {"lines":{"total":13,"covered":0,"skipped":0,"pct":0},"functions":{"total":6,"covered":0,"skipped":0,"pct":0},"statements":{"total":17,"covered":0,"skipped":0,"pct":0},"branches":{"total":13,"covered":0,"skipped":0,"pct":0}}
,"C:\\Users\\defre\\OneDrive\\Desktop\\Tracker\\frontend\\src\\components\\ui\\Icons.tsx": {"lines":{"total":10,"covered":0,"skipped":0,"pct":0},"functions":{"total":10,"covered":0,"skipped":0,"pct":0},"statements":{"total":10,"covered":0,"skipped":0,"pct":0},"branches":{"total":10,"covered":0,"skipped":0,"pct":0}}
,"C:\\Users\\defre\\OneDrive\\Desktop\\Tracker\\frontend\\src\\components\\ui\\Input.tsx": {"lines":{"total":4,"covered":4,"skipped":0,"pct":100},"functions":{"total":1,"covered":1,"skipped":0,"pct":100},"statements":{"total":4,"covered":4,"skipped":0,"pct":100},"branches":{"total":14,"covered":11,"skipped":0,"pct":78.57}}
,"C:\\Users\\defre\\OneDrive\\Desktop\\Tracker\\frontend\\src\\components\\ui\\Modal.tsx": {"lines":{"total":12,"covered":12,"skipped":0,"pct":100},"functions":{"total":4,"covered":4,"skipped":0,"pct":100},"statements":{"total":14,"covered":14,"skipped":0,"pct":100},"branches":{"total":7,"covered":6,"skipped":0,"pct":85.71}}
,"C:\\Users\\defre\\OneDrive\\Desktop\\Tracker\\frontend\\src\\components\\ui\\RichTextEditor.tsx": {"lines":{"total":19,"covered":0,"skipped":0,"pct":0},"functions":{"total":13,"covered":0,"skipped":0,"pct":0},"statements":{"total":22,"covered":0,"skipped":0,"pct":0},"branches":{"total":15,"covered":0,"skipped":0,"pct":0}}
,"C:\\Users\\defre\\OneDrive\\Desktop\\Tracker\\frontend\\src\\components\\ui\\Select.tsx": {"lines":{"total":5,"covered":0,"skipped":0,"pct":0},"functions":{"total":2,"covered":0,"skipped":0,"pct":0},"statements":{"total":5,"covered":0,"skipped":0,"pct":0},"branches":{"total":16,"covered":0,"skipped":0,"pct":0}}
,"C:\\Users\\defre\\OneDrive\\Desktop\\Tracker\\frontend\\src\\components\\ui\\Skeleton.tsx": {"lines":{"total":3,"covered":0,"skipped":0,"pct":0},"functions":{"total":3,"covered":0,"skipped":0,"pct":0},"statements":{"total":3,"covered":0,"skipped":0,"pct":0},"branches":{"total":4,"covered":0,"skipped":0,"pct":0}}
,"C:\\Users\\defre\\OneDrive\\Desktop\\Tracker\\frontend\\src\\hooks\\useActivity.ts": {"lines":{"total":4,"covered":0,"skipped":0,"pct":0},"functions":{"total":4,"covered":0,"skipped":0,"pct":0},"statements":{"total":4,"covered":0,"skipped":0,"pct":0},"branches":{"total":0,"covered":0,"skipped":0,"pct":100}}
,"C:\\Users\\defre\\OneDrive\\Desktop\\Tracker\\frontend\\src\\hooks\\useAuth.ts": {"lines":{"total":17,"covered":0,"skipped":0,"pct":0},"functions":{"total":6,"covered":0,"skipped":0,"pct":0},"statements":{"total":17,"covered":0,"skipped":0,"pct":0},"branches":{"total":0,"covered":0,"skipped":0,"pct":100}}
,"C:\\Users\\defre\\OneDrive\\Desktop\\Tracker\\frontend\\src\\hooks\\useChecklists.ts": {"lines":{"total":26,"covered":0,"skipped":0,"pct":0},"functions":{"total":20,"covered":0,"skipped":0,"pct":0},"statements":{"total":26,"covered":0,"skipped":0,"pct":0},"branches":{"total":0,"covered":0,"skipped":0,"pct":100}}
,"C:\\Users\\defre\\OneDrive\\Desktop\\Tracker\\frontend\\src\\hooks\\useColumns.ts": {"lines":{"total":45,"covered":0,"skipped":0,"pct":0},"functions":{"total":27,"covered":0,"skipped":0,"pct":0},"statements":{"total":51,"covered":0,"skipped":0,"pct":0},"branches":{"total":16,"covered":0,"skipped":0,"pct":0}}
,"C:\\Users\\defre\\OneDrive\\Desktop\\Tracker\\frontend\\src\\hooks\\useIssueLinks.ts": {"lines":{"total":10,"covered":0,"skipped":0,"pct":0},"functions":{"total":8,"covered":0,"skipped":0,"pct":0},"statements":{"total":10,"covered":0,"skipped":0,"pct":0},"branches":{"total":0,"covered":0,"skipped":0,"pct":100}}
,"C:\\Users\\defre\\OneDrive\\Desktop\\Tracker\\frontend\\src\\hooks\\useIssues.ts": {"lines":{"total":43,"covered":30,"skipped":0,"pct":69.76},"functions":{"total":24,"covered":18,"skipped":0,"pct":75},"statements":{"total":48,"covered":31,"skipped":0,"pct":64.58},"branches":{"total":24,"covered":5,"skipped":0,"pct":20.83}}
,"C:\\Users\\defre\\OneDrive\\Desktop\\Tracker\\frontend\\src\\hooks\\useLabels.ts": {"lines":{"total":14,"covered":0,"skipped":0,"pct":0},"functions":{"total":11,"covered":0,"skipped":0,"pct":0},"statements":{"total":14,"covered":0,"skipped":0,"pct":0},"branches":{"total":0,"covered":0,"skipped":0,"pct":100}}
,"C:\\Users\\defre\\OneDrive\\Desktop\\Tracker\\frontend\\src\\hooks\\useProfile.ts": {"lines":{"total":20,"covered":0,"skipped":0,"pct":0},"functions":{"total":11,"covered":0,"skipped":0,"pct":0},"statements":{"total":23,"covered":0,"skipped":0,"pct":0},"branches":{"total":6,"covered":0,"skipped":0,"pct":0}}
,"C:\\Users\\defre\\OneDrive\\Desktop\\Tracker\\frontend\\src\\hooks\\useProjects.ts": {"lines":{"total":16,"covered":0,"skipped":0,"pct":0},"functions":{"total":12,"covered":0,"skipped":0,"pct":0},"statements":{"total":16,"covered":0,"skipped":0,"pct":0},"branches":{"total":0,"covered":0,"skipped":0,"pct":100}}
,"C:\\Users\\defre\\OneDrive\\Desktop\\Tracker\\frontend\\src\\hooks\\useSprints.ts": {"lines":{"total":24,"covered":20,"skipped":0,"pct":83.33},"functions":{"total":19,"covered":16,"skipped":0,"pct":84.21},"statements":{"total":24,"covered":20,"skipped":0,"pct":83.33},"branches":{"total":0,"covered":0,"skipped":0,"pct":100}}
,"C:\\Users\\defre\\OneDrive\\Desktop\\Tracker\\frontend\\src\\hooks\\useTimeTracking.ts": {"lines":{"total":14,"covered":0,"skipped":0,"pct":0},"functions":{"total":11,"covered":0,"skipped":0,"pct":0},"statements":{"total":14,"covered":0,"skipped":0,"pct":0},"branches":{"total":0,"covered":0,"skipped":0,"pct":100}}
,"C:\\Users\\defre\\OneDrive\\Desktop\\Tracker\\frontend\\src\\hooks\\useWatchers.ts": {"lines":{"total":10,"covered":0,"skipped":0,"pct":0},"functions":{"total":8,"covered":0,"skipped":0,"pct":0},"statements":{"total":10,"covered":0,"skipped":0,"pct":0},"branches":{"total":0,"covered":0,"skipped":0,"pct":100}}
,"C:\\Users\\defre\\OneDrive\\Desktop\\Tracker\\frontend\\src\\pages\\auth\\LoginPage.tsx": {"lines":{"total":21,"covered":19,"skipped":0,"pct":90.47},"functions":{"total":7,"covered":6,"skipped":0,"pct":85.71},"statements":{"total":24,"covered":22,"skipped":0,"pct":91.66},"branches":{"total":18,"covered":16,"skipped":0,"pct":88.88}}
,"C:\\Users\\defre\\OneDrive\\Desktop\\Tracker\\frontend\\src\\pages\\auth\\RegisterPage.tsx": {"lines":{"total":28,"covered":0,"skipped":0,"pct":0},"functions":{"total":9,"covered":0,"skipped":0,"pct":0},"statements":{"total":31,"covered":0,"skipped":0,"pct":0},"branches":{"total":10,"covered":0,"skipped":0,"pct":0}}
,"C:\\Users\\defre\\OneDrive\\Desktop\\Tracker\\frontend\\src\\pages\\backlog\\BacklogPage.tsx": {"lines":{"total":45,"covered":0,"skipped":0,"pct":0},"functions":{"total":18,"covered":0,"skipped":0,"pct":0},"statements":{"total":53,"covered":0,"skipped":0,"pct":0},"branches":{"total":22,"covered":0,"skipped":0,"pct":0}}
,"C:\\Users\\defre\\OneDrive\\Desktop\\Tracker\\frontend\\src\\pages\\issues\\IssuesPage.tsx": {"lines":{"total":30,"covered":0,"skipped":0,"pct":0},"functions":{"total":24,"covered":0,"skipped":0,"pct":0},"statements":{"total":38,"covered":0,"skipped":0,"pct":0},"branches":{"total":32,"covered":0,"skipped":0,"pct":0}}
,"C:\\Users\\defre\\OneDrive\\Desktop\\Tracker\\frontend\\src\\pages\\profile\\ProfilePage.tsx": {"lines":{"total":82,"covered":0,"skipped":0,"pct":0},"functions":{"total":45,"covered":0,"skipped":0,"pct":0},"statements":{"total":99,"covered":0,"skipped":0,"pct":0},"branches":{"total":78,"covered":0,"skipped":0,"pct":0}}
,"C:\\Users\\defre\\OneDrive\\Desktop\\Tracker\\frontend\\src\\pages\\projects\\GanttPage.tsx": {"lines":{"total":95,"covered":0,"skipped":0,"pct":0},"functions":{"total":38,"covered":0,"skipped":0,"pct":0},"statements":{"total":111,"covered":0,"skipped":0,"pct":0},"branches":{"total":70,"covered":0,"skipped":0,"pct":0}}
,"C:\\Users\\defre\\OneDrive\\Desktop\\Tracker\\frontend\\src\\pages\\projects\\KanbanPage.tsx": {"lines":{"total":13,"covered":0,"skipped":0,"pct":0},"functions":{"total":5,"covered":0,"skipped":0,"pct":0},"statements":{"total":14,"covered":0,"skipped":0,"pct":0},"branches":{"total":28,"covered":0,"skipped":0,"pct":0}}
,"C:\\Users\\defre\\OneDrive\\Desktop\\Tracker\\frontend\\src\\pages\\projects\\ProjectDetailPage.tsx": {"lines":{"total":10,"covered":0,"skipped":0,"pct":0},"functions":{"total":3,"covered":0,"skipped":0,"pct":0},"statements":{"total":10,"covered":0,"skipped":0,"pct":0},"branches":{"total":10,"covered":0,"skipped":0,"pct":0}}
,"C:\\Users\\defre\\OneDrive\\Desktop\\Tracker\\frontend\\src\\pages\\projects\\ProjectsPage.tsx": {"lines":{"total":19,"covered":0,"skipped":0,"pct":0},"functions":{"total":13,"covered":0,"skipped":0,"pct":0},"statements":{"total":21,"covered":0,"skipped":0,"pct":0},"branches":{"total":20,"covered":0,"skipped":0,"pct":0}}
,"C:\\Users\\defre\\OneDrive\\Desktop\\Tracker\\frontend\\src\\pages\\projects\\VelocityPage.tsx": {"lines":{"total":39,"covered":0,"skipped":0,"pct":0},"functions":{"total":16,"covered":0,"skipped":0,"pct":0},"statements":{"total":45,"covered":0,"skipped":0,"pct":0},"branches":{"total":56,"covered":0,"skipped":0,"pct":0}}
,"C:\\Users\\defre\\OneDrive\\Desktop\\Tracker\\frontend\\src\\store\\auth.store.ts": {"lines":{"total":7,"covered":7,"skipped":0,"pct":100},"functions":{"total":4,"covered":4,"skipped":0,"pct":100},"statements":{"total":7,"covered":7,"skipped":0,"pct":100},"branches":{"total":0,"covered":0,"skipped":0,"pct":100}}
,"C:\\Users\\defre\\OneDrive\\Desktop\\Tracker\\frontend\\src\\store\\drawer.store.ts": {"lines":{"total":3,"covered":3,"skipped":0,"pct":100},"functions":{"total":3,"covered":3,"skipped":0,"pct":100},"statements":{"total":4,"covered":4,"skipped":0,"pct":100},"branches":{"total":0,"covered":0,"skipped":0,"pct":100}}
}
