TN:
SF:src\App.tsx
FN:19,useTokenValidation
FN:23,(anonymous_1)
FN:27,(anonymous_2)
FN:30,(anonymous_3)
FN:39,PrivateRoute
FN:44,IssueUrlSync
FN:49,(anonymous_6)
FN:64,AppRoutes
FN:94,App
FNF:9
FNH:0
FNDA:0,useTokenValidation
FNDA:0,(anonymous_1)
FNDA:0,(anonymous_2)
FNDA:0,(anonymous_3)
FNDA:0,PrivateRoute
FNDA:0,IssueUrlSync
FNDA:0,(anonymous_6)
FNDA:0,AppRoutes
FNDA:0,App
DA:20,0
DA:21,0
DA:23,0
DA:24,0
DA:25,0
DA:28,0
DA:31,0
DA:32,0
DA:40,0
DA:41,0
DA:45,0
DA:46,0
DA:47,0
DA:49,0
DA:50,0
DA:51,0
DA:52,0
DA:53,0
DA:54,0
DA:61,0
DA:65,0
DA:67,0
DA:95,0
LF:23
LH:0
BRDA:24,0,0,0
BRDA:24,0,1,0
BRDA:28,1,0,0
BRDA:28,1,1,0
BRDA:41,2,0,0
BRDA:41,2,1,0
BRDA:51,3,0,0
BRDA:51,3,1,0
BRDA:51,4,0,0
BRDA:51,4,1,0
BRDA:53,5,0,0
BRDA:53,5,1,0
BRDA:53,6,0,0
BRDA:53,6,1,0
BRDA:53,6,2,0
BRF:15
BRH:0
end_of_record
TN:
SF:src\api\activity.api.ts
FN:5,(anonymous_0)
FN:12,(anonymous_1)
FNF:2
FNH:0
FNDA:0,(anonymous_0)
FNDA:0,(anonymous_1)
DA:4,0
DA:6,0
DA:9,0
DA:13,0
DA:16,0
LF:5
LH:0
BRDA:7,0,0,0
BRDA:7,0,1,0
BRDA:14,1,0,0
BRDA:14,1,1,0
BRF:4
BRH:0
end_of_record
TN:
SF:src\api\auth.api.ts
FN:5,(anonymous_0)
FN:15,(anonymous_1)
FN:24,(anonymous_2)
FNF:3
FNH:0
FNDA:0,(anonymous_0)
FNDA:0,(anonymous_1)
FNDA:0,(anonymous_2)
DA:4,0
DA:11,0
DA:12,0
DA:20,0
DA:21,0
DA:25,0
DA:26,0
LF:7
LH:0
BRF:0
BRH:0
end_of_record
TN:
SF:src\api\checklists.api.ts
FN:5,(anonymous_0)
FN:10,(anonymous_1)
FN:15,(anonymous_2)
FN:20,(anonymous_3)
FN:24,(anonymous_4)
FN:29,(anonymous_5)
FN:34,(anonymous_6)
FNF:7
FNH:0
FNDA:0,(anonymous_0)
FNDA:0,(anonymous_1)
FNDA:0,(anonymous_2)
FNDA:0,(anonymous_3)
FNDA:0,(anonymous_4)
FNDA:0,(anonymous_5)
FNDA:0,(anonymous_6)
DA:4,0
DA:6,0
DA:7,0
DA:11,0
DA:12,0
DA:16,0
DA:17,0
DA:21,0
DA:25,0
DA:26,0
DA:30,0
DA:31,0
DA:35,0
LF:13
LH:0
BRF:0
BRH:0
end_of_record
TN:
SF:src\api\client.ts
FN:10,(anonymous_0)
FN:18,(anonymous_1)
FN:19,(anonymous_2)
FNF:3
FNH:0
FNDA:0,(anonymous_0)
FNDA:0,(anonymous_1)
FNDA:0,(anonymous_2)
DA:3,0
DA:10,0
DA:11,0
DA:12,0
DA:13,0
DA:15,0
DA:18,0
DA:19,0
DA:21,0
DA:23,0
DA:24,0
DA:25,0
DA:27,0
LF:13
LH:0
BRDA:12,0,0,0
BRDA:12,0,1,0
BRDA:21,1,0,0
BRDA:21,1,1,0
BRF:4
BRH:0
end_of_record
TN:
SF:src\api\columns.api.ts
FN:5,(anonymous_0)
FN:10,(anonymous_1)
FN:15,(anonymous_2)
FN:20,(anonymous_3)
FN:24,(anonymous_4)
FNF:5
FNH:0
FNDA:0,(anonymous_0)
FNDA:0,(anonymous_1)
FNDA:0,(anonymous_2)
FNDA:0,(anonymous_3)
FNDA:0,(anonymous_4)
DA:4,0
DA:6,0
DA:7,0
DA:11,0
DA:12,0
DA:16,0
DA:17,0
DA:21,0
DA:25,0
LF:9
LH:0
BRF:0
BRH:0
end_of_record
TN:
SF:src\api\issue-links.api.ts
FN:5,(anonymous_0)
FN:10,(anonymous_1)
FN:15,(anonymous_2)
FNF:3
FNH:0
FNDA:0,(anonymous_0)
FNDA:0,(anonymous_1)
FNDA:0,(anonymous_2)
DA:4,0
DA:6,0
DA:7,0
DA:11,0
DA:12,0
DA:16,0
LF:6
LH:0
BRF:0
BRH:0
end_of_record
TN:
SF:src\api\issues.api.ts
FN:5,(anonymous_0)
FN:10,(anonymous_1)
FN:15,(anonymous_2)
FN:20,(anonymous_3)
FN:25,(anonymous_4)
FN:29,(anonymous_5)
FN:43,(anonymous_6)
FN:50,(anonymous_7)
FN:58,(anonymous_8)
FN:63,(anonymous_9)
FN:67,(anonymous_10)
FN:72,(anonymous_11)
FN:77,(anonymous_12)
FNF:13
FNH:0
FNDA:0,(anonymous_0)
FNDA:0,(anonymous_1)
FNDA:0,(anonymous_2)
FNDA:0,(anonymous_3)
FNDA:0,(anonymous_4)
FNDA:0,(anonymous_5)
FNDA:0,(anonymous_6)
FNDA:0,(anonymous_7)
FNDA:0,(anonymous_8)
FNDA:0,(anonymous_9)
FNDA:0,(anonymous_10)
FNDA:0,(anonymous_11)
FNDA:0,(anonymous_12)
DA:4,0
DA:6,0
DA:7,0
DA:11,0
DA:12,0
DA:16,0
DA:17,0
DA:21,0
DA:22,0
DA:26,0
DA:35,0
DA:40,0
DA:44,0
DA:47,0
DA:51,0
DA:55,0
DA:59,0
DA:60,0
DA:64,0
DA:68,0
DA:69,0
DA:73,0
DA:74,0
DA:78,0
DA:79,0
LF:25
LH:0
BRF:0
BRH:0
end_of_record
TN:
SF:src\api\labels.api.ts
FN:5,(anonymous_0)
FN:10,(anonymous_1)
FN:15,(anonymous_2)
FN:20,(anonymous_3)
FN:24,(anonymous_4)
FN:29,(anonymous_5)
FNF:6
FNH:0
FNDA:0,(anonymous_0)
FNDA:0,(anonymous_1)
FNDA:0,(anonymous_2)
FNDA:0,(anonymous_3)
FNDA:0,(anonymous_4)
FNDA:0,(anonymous_5)
DA:4,0
DA:6,0
DA:7,0
DA:11,0
DA:12,0
DA:16,0
DA:17,0
DA:21,0
DA:25,0
DA:26,0
DA:30,0
DA:31,0
LF:12
LH:0
BRF:0
BRH:0
end_of_record
TN:
SF:src\api\projects.api.ts
FN:5,(anonymous_0)
FN:10,(anonymous_1)
FN:15,(anonymous_2)
FN:20,(anonymous_3)
FN:25,(anonymous_4)
FN:29,(anonymous_5)
FN:36,(anonymous_6)
FNF:7
FNH:0
FNDA:0,(anonymous_0)
FNDA:0,(anonymous_1)
FNDA:0,(anonymous_2)
FNDA:0,(anonymous_3)
FNDA:0,(anonymous_4)
FNDA:0,(anonymous_5)
FNDA:0,(anonymous_6)
DA:4,0
DA:6,0
DA:7,0
DA:11,0
DA:12,0
DA:16,0
DA:17,0
DA:21,0
DA:22,0
DA:26,0
DA:33,0
DA:37,0
LF:12
LH:0
BRF:0
BRH:0
end_of_record
TN:
SF:src\api\sprints.api.ts
FN:5,(anonymous_0)
FN:10,(anonymous_1)
FN:15,(anonymous_2)
FN:20,(anonymous_3)
FN:25,(anonymous_4)
FN:30,(anonymous_5)
FN:35,(anonymous_6)
FNF:7
FNH:0
FNDA:0,(anonymous_0)
FNDA:0,(anonymous_1)
FNDA:0,(anonymous_2)
FNDA:0,(anonymous_3)
FNDA:0,(anonymous_4)
FNDA:0,(anonymous_5)
FNDA:0,(anonymous_6)
DA:4,0
DA:6,0
DA:7,0
DA:11,0
DA:12,0
DA:16,0
DA:17,0
DA:21,0
DA:22,0
DA:26,0
DA:27,0
DA:31,0
DA:32,0
DA:36,0
LF:14
LH:0
BRF:0
BRH:0
end_of_record
TN:
SF:src\api\time-tracking.api.ts
FN:5,(anonymous_0)
FN:10,(anonymous_1)
FN:15,(anonymous_2)
FN:20,(anonymous_3)
FNF:4
FNH:0
FNDA:0,(anonymous_0)
FNDA:0,(anonymous_1)
FNDA:0,(anonymous_2)
FNDA:0,(anonymous_3)
DA:4,0
DA:6,0
DA:7,0
DA:11,0
DA:12,0
DA:16,0
DA:17,0
DA:21,0
LF:8
LH:0
BRF:0
BRH:0
end_of_record
TN:
SF:src\api\users.api.ts
FN:5,(anonymous_0)
FN:10,(anonymous_1)
FN:17,(anonymous_2)
FN:24,(anonymous_3)
FN:29,(anonymous_4)
FN:34,(anonymous_5)
FNF:6
FNH:0
FNDA:0,(anonymous_0)
FNDA:0,(anonymous_1)
FNDA:0,(anonymous_2)
FNDA:0,(anonymous_3)
FNDA:0,(anonymous_4)
FNDA:0,(anonymous_5)
DA:4,0
DA:6,0
DA:7,0
DA:14,0
DA:18,0
DA:21,0
DA:25,0
DA:26,0
DA:30,0
DA:31,0
DA:35,0
DA:36,0
LF:12
LH:0
BRF:0
BRH:0
end_of_record
TN:
SF:src\components\backlog\BacklogIssueRow.tsx
FN:16,BacklogIssueRow
FN:18,(anonymous_1)
FN:22,(anonymous_2)
FN:24,(anonymous_3)
FN:30,(anonymous_4)
FN:60,(anonymous_5)
FN:69,(anonymous_6)
FN:82,(anonymous_7)
FN:87,(anonymous_8)
FN:90,(anonymous_9)
FNF:10
FNH:10
FNDA:22,BacklogIssueRow
FNDA:22,(anonymous_1)
FNDA:22,(anonymous_2)
FNDA:4,(anonymous_3)
FNDA:5,(anonymous_4)
FNDA:1,(anonymous_5)
FNDA:5,(anonymous_6)
FNDA:1,(anonymous_7)
FNDA:35,(anonymous_8)
FNDA:2,(anonymous_9)
DA:8,1
DA:17,22
DA:18,22
DA:19,22
DA:20,22
DA:22,22
DA:23,22
DA:24,5
DA:25,4
DA:26,1
DA:29,5
DA:30,5
DA:33,22
DA:36,22
DA:40,22
DA:60,1
DA:69,5
DA:82,1
DA:88,35
DA:90,2
LF:20
LH:20
BRDA:23,0,0,17
BRDA:23,0,1,5
BRDA:25,1,0,1
BRDA:25,1,1,3
BRDA:25,2,0,4
BRDA:25,2,1,4
BRDA:33,3,0,0
BRDA:33,3,1,22
BRDA:36,4,0,0
BRDA:36,4,1,22
BRDA:37,5,0,0
BRDA:37,5,1,22
BRDA:38,6,0,22
BRDA:38,6,1,0
BRDA:44,7,0,0
BRDA:44,7,1,22
BRDA:71,8,0,4
BRDA:71,8,1,18
BRDA:77,9,0,22
BRDA:77,9,1,18
BRDA:79,10,0,22
BRDA:79,10,1,5
BRDA:92,11,0,1
BRDA:92,11,1,34
BRDA:111,12,0,22
BRDA:111,12,1,21
BRDA:113,13,0,1
BRDA:113,13,1,21
BRF:28
BRH:23
end_of_record
TN:
SF:src\components\backlog\BacklogSection.tsx
FN:13,BacklogSection
FN:20,(anonymous_1)
FN:24,(anonymous_2)
FN:36,(anonymous_3)
FN:47,(anonymous_4)
FN:62,(anonymous_5)
FN:79,(anonymous_6)
FN:80,(anonymous_7)
FN:90,(anonymous_8)
FNF:9
FNH:0
FNDA:0,BacklogSection
FNDA:0,(anonymous_1)
FNDA:0,(anonymous_2)
FNDA:0,(anonymous_3)
FNDA:0,(anonymous_4)
FNDA:0,(anonymous_5)
FNDA:0,(anonymous_6)
FNDA:0,(anonymous_7)
FNDA:0,(anonymous_8)
DA:14,0
DA:15,0
DA:16,0
DA:17,0
DA:18,0
DA:20,0
DA:21,0
DA:22,0
DA:24,0
DA:28,0
DA:36,0
DA:47,0
DA:63,0
DA:79,0
DA:81,0
DA:82,0
DA:90,0
LF:17
LH:0
BRDA:21,0,0,0
BRDA:21,0,1,0
BRDA:31,1,0,0
BRDA:31,1,1,0
BRDA:39,2,0,0
BRDA:39,2,1,0
BRDA:43,3,0,0
BRDA:43,3,1,0
BRDA:43,4,0,0
BRDA:43,4,1,0
BRDA:55,5,0,0
BRDA:55,5,1,0
BRDA:59,6,0,0
BRDA:59,6,1,0
BRDA:71,7,0,0
BRDA:71,7,1,0
BRDA:81,8,0,0
BRDA:81,8,1,0
BRDA:82,9,0,0
BRDA:82,9,1,0
BRDA:96,10,0,0
BRDA:96,10,1,0
BRDA:96,10,2,0
BRF:23
BRH:0
end_of_record
TN:
SF:src\components\backlog\CompleteSprintModal.tsx
FN:12,CompleteSprintModal
FN:13,(anonymous_1)
FNF:2
FNH:0
FNDA:0,CompleteSprintModal
FNDA:0,(anonymous_1)
DA:13,0
DA:15,0
LF:2
LH:0
BRDA:13,0,0,0
BRDA:13,0,1,0
BRDA:20,1,0,0
BRDA:20,1,1,0
BRDA:26,2,0,0
BRDA:26,2,1,0
BRDA:32,3,0,0
BRDA:32,3,1,0
BRDA:32,3,2,0
BRF:9
BRH:0
end_of_record
TN:
SF:src\components\backlog\SprintFormModal.tsx
FN:13,SprintFormModal
FN:19,(anonymous_1)
FN:36,(anonymous_2)
FN:45,(anonymous_3)
FN:56,(anonymous_4)
FN:62,(anonymous_5)
FNF:6
FNH:0
FNDA:0,SprintFormModal
FNDA:0,(anonymous_1)
FNDA:0,(anonymous_2)
FNDA:0,(anonymous_3)
FNDA:0,(anonymous_4)
FNDA:0,(anonymous_5)
DA:14,0
DA:15,0
DA:16,0
DA:17,0
DA:19,0
DA:20,0
DA:21,0
DA:22,0
DA:30,0
DA:36,0
DA:45,0
DA:56,0
DA:62,0
LF:13
LH:0
BRDA:14,0,0,0
BRDA:14,0,1,0
BRDA:15,1,0,0
BRDA:15,1,1,0
BRDA:16,2,0,0
BRDA:16,2,1,0
BRDA:17,3,0,0
BRDA:17,3,1,0
BRDA:21,4,0,0
BRDA:21,4,1,0
BRDA:24,5,0,0
BRDA:24,5,1,0
BRDA:25,6,0,0
BRDA:25,6,1,0
BRDA:26,7,0,0
BRDA:26,7,1,0
BRDA:31,8,0,0
BRDA:31,8,1,0
BRDA:67,9,0,0
BRDA:67,9,1,0
BRF:20
BRH:0
end_of_record
TN:
SF:src\components\backlog\SprintGroup.tsx
FN:20,SprintGroup
FN:33,(anonymous_1)
FN:43,(anonymous_2)
FN:46,(anonymous_3)
FN:54,(anonymous_4)
FN:58,(anonymous_5)
FN:71,(anonymous_6)
FN:100,(anonymous_7)
FN:106,(anonymous_8)
FN:112,(anonymous_9)
FN:123,(anonymous_10)
FN:129,(anonymous_11)
FN:147,(anonymous_12)
FN:164,(anonymous_13)
FN:165,(anonymous_14)
FN:175,(anonymous_15)
FN:188,(anonymous_16)
FN:199,(anonymous_17)
FN:200,(anonymous_18)
FN:208,(anonymous_19)
FN:209,(anonymous_20)
FNF:21
FNH:0
FNDA:0,SprintGroup
FNDA:0,(anonymous_1)
FNDA:0,(anonymous_2)
FNDA:0,(anonymous_3)
FNDA:0,(anonymous_4)
FNDA:0,(anonymous_5)
FNDA:0,(anonymous_6)
FNDA:0,(anonymous_7)
FNDA:0,(anonymous_8)
FNDA:0,(anonymous_9)
FNDA:0,(anonymous_10)
FNDA:0,(anonymous_11)
FNDA:0,(anonymous_12)
FNDA:0,(anonymous_13)
FNDA:0,(anonymous_14)
FNDA:0,(anonymous_15)
FNDA:0,(anonymous_16)
FNDA:0,(anonymous_17)
FNDA:0,(anonymous_18)
FNDA:0,(anonymous_19)
FNDA:0,(anonymous_20)
DA:24,0
DA:25,0
DA:26,0
DA:27,0
DA:28,0
DA:30,0
DA:31,0
DA:33,0
DA:36,0
DA:41,0
DA:43,0
DA:44,0
DA:46,0
DA:47,0
DA:48,0
DA:49,0
DA:50,0
DA:51,0
DA:54,0
DA:55,0
DA:56,0
DA:58,0
DA:62,0
DA:71,0
DA:100,0
DA:106,0
DA:112,0
DA:123,0
DA:129,0
DA:148,0
DA:164,0
DA:166,0
DA:167,0
DA:175,0
DA:188,0
DA:199,0
DA:200,0
DA:208,0
DA:209,0
LF:39
LH:0
BRDA:33,0,0,0
BRDA:33,0,1,0
BRDA:36,1,0,0
BRDA:36,1,1,0
BRDA:41,2,0,0
BRDA:41,2,1,0
BRDA:44,3,0,0
BRDA:44,3,1,0
BRDA:49,4,0,0
BRDA:49,4,1,0
BRDA:49,5,0,0
BRDA:49,5,1,0
BRDA:50,6,0,0
BRDA:50,6,1,0
BRDA:55,7,0,0
BRDA:55,7,1,0
BRDA:65,8,0,0
BRDA:65,8,1,0
BRDA:74,9,0,0
BRDA:74,9,1,0
BRDA:84,10,0,0
BRDA:84,10,1,0
BRDA:84,11,0,0
BRDA:84,11,1,0
BRDA:84,12,0,0
BRDA:84,12,1,0
BRDA:84,13,0,0
BRDA:84,13,1,0
BRDA:84,13,2,0
BRDA:84,13,3,0
BRDA:85,14,0,0
BRDA:85,14,1,0
BRDA:87,15,0,0
BRDA:87,15,1,0
BRDA:91,16,0,0
BRDA:91,16,1,0
BRDA:97,17,0,0
BRDA:97,17,1,0
BRDA:120,18,0,0
BRDA:120,18,1,0
BRDA:140,19,0,0
BRDA:140,19,1,0
BRDA:144,20,0,0
BRDA:144,20,1,0
BRDA:156,21,0,0
BRDA:156,21,1,0
BRDA:166,22,0,0
BRDA:166,22,1,0
BRDA:167,23,0,0
BRDA:167,23,1,0
BRDA:181,24,0,0
BRDA:181,24,1,0
BRDA:181,24,2,0
BRDA:196,25,0,0
BRDA:196,25,1,0
BRDA:204,26,0,0
BRDA:204,26,1,0
BRF:57
BRH:0
end_of_record
TN:
SF:src\components\issue-detail\IssueDetailConstants.tsx
FN:78,formatMinutes
FN:86,formatRelativeTime
FNF:2
FNH:0
FNDA:0,formatMinutes
FNDA:0,formatRelativeTime
DA:3,1
DA:10,1
DA:17,1
DA:24,1
DA:31,1
DA:38,1
DA:45,1
DA:54,1
DA:79,0
DA:80,0
DA:81,0
DA:82,0
DA:83,0
DA:87,0
DA:88,0
DA:89,0
DA:90,0
DA:91,0
DA:92,0
DA:93,0
DA:94,0
DA:95,0
DA:96,0
LF:23
LH:8
BRDA:81,0,0,0
BRDA:81,0,1,0
BRDA:81,1,0,0
BRDA:81,1,1,0
BRDA:82,2,0,0
BRDA:82,2,1,0
BRDA:89,3,0,0
BRDA:89,3,1,0
BRDA:91,4,0,0
BRDA:91,4,1,0
BRDA:93,5,0,0
BRDA:93,5,1,0
BRDA:95,6,0,0
BRDA:95,6,1,0
BRF:14
BRH:0
end_of_record
TN:
SF:src\components\issue-detail\IssueDrawer.tsx
FN:30,IssueDrawer
FN:49,(anonymous_1)
FN:51,(anonymous_2)
FN:57,(anonymous_3)
FN:66,(anonymous_4)
FN:73,(anonymous_5)
FN:79,(anonymous_6)
FN:87,(anonymous_7)
FN:93,(anonymous_8)
FN:100,(anonymous_9)
FN:148,(anonymous_10)
FN:150,(anonymous_11)
FN:156,(anonymous_12)
FN:177,(anonymous_13)
FN:183,(anonymous_14)
FN:192,(anonymous_15)
FN:212,(anonymous_16)
FN:215,(anonymous_17)
FN:268,DrawerSkeleton
FN:279,(anonymous_19)
FNF:20
FNH:0
FNDA:0,IssueDrawer
FNDA:0,(anonymous_1)
FNDA:0,(anonymous_2)
FNDA:0,(anonymous_3)
FNDA:0,(anonymous_4)
FNDA:0,(anonymous_5)
FNDA:0,(anonymous_6)
FNDA:0,(anonymous_7)
FNDA:0,(anonymous_8)
FNDA:0,(anonymous_9)
FNDA:0,(anonymous_10)
FNDA:0,(anonymous_11)
FNDA:0,(anonymous_12)
FNDA:0,(anonymous_13)
FNDA:0,(anonymous_14)
FNDA:0,(anonymous_15)
FNDA:0,(anonymous_16)
FNDA:0,(anonymous_17)
FNDA:0,DrawerSkeleton
FNDA:0,(anonymous_19)
DA:21,0
DA:31,0
DA:32,0
DA:33,0
DA:34,0
DA:35,0
DA:36,0
DA:37,0
DA:39,0
DA:41,0
DA:46,0
DA:49,0
DA:50,0
DA:51,0
DA:52,0
DA:53,0
DA:54,0
DA:57,0
DA:58,0
DA:59,0
DA:60,0
DA:66,0
DA:67,0
DA:68,0
DA:69,0
DA:73,0
DA:74,0
DA:77,0
DA:78,0
DA:79,0
DA:80,0
DA:81,0
DA:83,0
DA:86,0
DA:88,0
DA:93,0
DA:94,0
DA:95,0
DA:97,0
DA:100,0
DA:101,0
DA:102,0
DA:104,0
DA:107,0
DA:148,0
DA:150,0
DA:156,0
DA:177,0
DA:183,0
DA:192,0
DA:213,0
DA:215,0
DA:269,0
DA:279,0
LF:54
LH:0
BRDA:42,0,0,0
BRDA:42,0,1,0
BRDA:43,1,0,0
BRDA:43,1,1,0
BRDA:46,2,0,0
BRDA:46,2,1,0
BRDA:46,3,0,0
BRDA:46,3,1,0
BRDA:50,4,0,0
BRDA:50,4,1,0
BRDA:50,5,0,0
BRDA:50,5,1,0
BRDA:67,6,0,0
BRDA:67,6,1,0
BRDA:69,7,0,0
BRDA:69,7,1,0
BRDA:74,8,0,0
BRDA:74,8,1,0
BRDA:74,9,0,0
BRDA:74,9,1,0
BRDA:77,10,0,0
BRDA:77,10,1,0
BRDA:94,11,0,0
BRDA:94,11,1,0
BRDA:94,12,0,0
BRDA:94,12,1,0
BRDA:101,13,0,0
BRDA:101,13,1,0
BRDA:109,14,0,0
BRDA:109,14,1,0
BRDA:111,15,0,0
BRDA:111,15,1,0
BRDA:125,16,0,0
BRDA:125,16,1,0
BRDA:144,17,0,0
BRDA:144,17,1,0
BRDA:150,18,0,0
BRDA:150,18,1,0
BRDA:150,19,0,0
BRDA:150,19,1,0
BRDA:150,20,0,0
BRDA:150,20,1,0
BRDA:167,21,0,0
BRDA:167,21,1,0
BRDA:183,22,0,0
BRDA:183,22,1,0
BRDA:194,23,0,0
BRDA:194,23,1,0
BRDA:197,24,0,0
BRDA:197,24,1,0
BRDA:217,25,0,0
BRDA:217,25,1,0
BRDA:228,26,0,0
BRDA:228,26,1,0
BRDA:235,27,0,0
BRDA:235,27,1,0
BRDA:238,28,0,0
BRDA:238,28,1,0
BRDA:241,29,0,0
BRDA:241,29,1,0
BRDA:244,30,0,0
BRDA:244,30,1,0
BRDA:247,31,0,0
BRDA:247,31,1,0
BRF:64
BRH:0
end_of_record
TN:
SF:src\components\issue-detail\IssueSidebar.tsx
FN:23,IssueSidebar
FN:34,(anonymous_1)
FN:36,(anonymous_2)
FN:50,(anonymous_3)
FN:53,(anonymous_4)
FN:63,(anonymous_5)
FN:66,(anonymous_6)
FN:76,(anonymous_7)
FN:79,(anonymous_8)
FN:89,(anonymous_9)
FN:93,(anonymous_10)
FN:114,(anonymous_11)
FN:118,(anonymous_12)
FN:135,(anonymous_13)
FN:136,(anonymous_14)
FN:141,(anonymous_15)
FN:146,(anonymous_16)
FN:159,(anonymous_17)
FN:169,(anonymous_18)
FN:178,(anonymous_19)
FN:183,(anonymous_20)
FN:216,SidebarField
FNF:22
FNH:0
FNDA:0,IssueSidebar
FNDA:0,(anonymous_1)
FNDA:0,(anonymous_2)
FNDA:0,(anonymous_3)
FNDA:0,(anonymous_4)
FNDA:0,(anonymous_5)
FNDA:0,(anonymous_6)
FNDA:0,(anonymous_7)
FNDA:0,(anonymous_8)
FNDA:0,(anonymous_9)
FNDA:0,(anonymous_10)
FNDA:0,(anonymous_11)
FNDA:0,(anonymous_12)
FNDA:0,(anonymous_13)
FNDA:0,(anonymous_14)
FNDA:0,(anonymous_15)
FNDA:0,(anonymous_16)
FNDA:0,(anonymous_17)
FNDA:0,(anonymous_18)
FNDA:0,(anonymous_19)
FNDA:0,(anonymous_20)
FNDA:0,SidebarField
DA:24,0
DA:25,0
DA:26,0
DA:27,0
DA:28,0
DA:29,0
DA:31,0
DA:32,0
DA:34,0
DA:36,0
DA:37,0
DA:38,0
DA:40,0
DA:44,0
DA:50,0
DA:54,0
DA:63,0
DA:67,0
DA:76,0
DA:80,0
DA:89,0
DA:94,0
DA:114,0
DA:119,0
DA:135,0
DA:137,0
DA:138,0
DA:139,0
DA:141,0
DA:146,0
DA:159,0
DA:169,0
DA:179,0
DA:180,0
DA:183,0
DA:217,0
LF:36
LH:0
BRDA:32,0,0,0
BRDA:32,0,1,0
BRDA:34,1,0,0
BRDA:34,1,1,0
BRDA:37,2,0,0
BRDA:37,2,1,0
BRDA:53,3,0,0
BRDA:53,3,1,0
BRDA:88,4,0,0
BRDA:88,4,1,0
BRDA:89,5,0,0
BRDA:89,5,1,0
BRDA:93,6,0,0
BRDA:93,6,1,0
BRDA:110,7,0,0
BRDA:110,7,1,0
BRDA:110,7,2,0
BRDA:113,8,0,0
BRDA:113,8,1,0
BRDA:114,9,0,0
BRDA:114,9,1,0
BRDA:129,10,0,0
BRDA:129,10,1,0
BRDA:138,11,0,0
BRDA:138,11,1,0
BRDA:141,12,0,0
BRDA:141,12,1,0
BRDA:141,13,0,0
BRDA:141,13,1,0
BRDA:149,14,0,0
BRDA:149,14,1,0
BRDA:158,15,0,0
BRDA:158,15,1,0
BRDA:159,16,0,0
BRDA:159,16,1,0
BRDA:168,17,0,0
BRDA:168,17,1,0
BRDA:169,18,0,0
BRDA:169,18,1,0
BRDA:175,19,0,0
BRDA:175,19,1,0
BRDA:175,19,2,0
BRDA:185,20,0,0
BRDA:185,20,1,0
BRDA:189,21,0,0
BRDA:189,21,1,0
BRDA:190,22,0,0
BRDA:190,22,1,0
BRF:48
BRH:0
end_of_record
TN:
SF:src\components\issue-detail\panels\ActivityPanel.tsx
FN:11,ActivityPanel
FN:20,(anonymous_1)
FN:37,(anonymous_2)
FN:45,ActivityRow
FNF:4
FNH:0
FNDA:0,ActivityPanel
FNDA:0,(anonymous_1)
FNDA:0,(anonymous_2)
FNDA:0,ActivityRow
DA:12,0
DA:14,0
DA:21,0
DA:38,0
DA:46,0
DA:48,0
LF:6
LH:0
BRDA:18,0,0,0
BRDA:18,0,1,0
BRDA:32,1,0,0
BRDA:32,1,1,0
BRDA:32,1,2,0
BRDA:46,2,0,0
BRDA:46,2,1,0
BRDA:55,3,0,0
BRDA:55,3,1,0
BRDA:55,3,2,0
BRDA:58,4,0,0
BRDA:58,4,1,0
BRDA:58,4,2,0
BRDA:65,5,0,0
BRDA:65,5,1,0
BRF:15
BRH:0
end_of_record
TN:
SF:src\components\issue-detail\panels\AttachmentsPanel.tsx
FN:8,AttachmentsPanel
FN:16,(anonymous_1)
FN:27,(anonymous_2)
FN:28,(anonymous_3)
FNF:4
FNH:0
FNDA:0,AttachmentsPanel
FNDA:0,(anonymous_1)
FNDA:0,(anonymous_2)
FNDA:0,(anonymous_3)
DA:9,0
DA:11,0
DA:16,0
DA:27,0
DA:28,0
LF:5
LH:0
BRF:0
BRH:0
end_of_record
TN:
SF:src\components\issue-detail\panels\ChecklistPanel.tsx
FN:13,ChecklistPanel
FN:19,(anonymous_1)
FN:20,(anonymous_2)
FN:21,(anonymous_3)
FN:26,(anonymous_4)
FN:29,(anonymous_5)
FN:38,(anonymous_6)
FN:62,(anonymous_7)
FN:72,(anonymous_8)
FN:82,(anonymous_9)
FN:83,(anonymous_10)
FN:94,(anonymous_11)
FN:103,ChecklistBlock
FN:109,(anonymous_13)
FN:111,(anonymous_14)
FN:115,(anonymous_15)
FN:126,(anonymous_16)
FN:135,(anonymous_17)
FN:145,(anonymous_18)
FN:146,(anonymous_19)
FN:151,(anonymous_20)
FN:155,(anonymous_21)
FN:166,ChecklistItemRow
FN:177,(anonymous_23)
FN:186,(anonymous_24)
FN:187,(anonymous_25)
FN:193,(anonymous_26)
FN:198,(anonymous_27)
FN:206,(anonymous_28)
FNF:29
FNH:0
FNDA:0,ChecklistPanel
FNDA:0,(anonymous_1)
FNDA:0,(anonymous_2)
FNDA:0,(anonymous_3)
FNDA:0,(anonymous_4)
FNDA:0,(anonymous_5)
FNDA:0,(anonymous_6)
FNDA:0,(anonymous_7)
FNDA:0,(anonymous_8)
FNDA:0,(anonymous_9)
FNDA:0,(anonymous_10)
FNDA:0,(anonymous_11)
FNDA:0,ChecklistBlock
FNDA:0,(anonymous_13)
FNDA:0,(anonymous_14)
FNDA:0,(anonymous_15)
FNDA:0,(anonymous_16)
FNDA:0,(anonymous_17)
FNDA:0,(anonymous_18)
FNDA:0,(anonymous_19)
FNDA:0,(anonymous_20)
FNDA:0,(anonymous_21)
FNDA:0,ChecklistItemRow
FNDA:0,(anonymous_23)
FNDA:0,(anonymous_24)
FNDA:0,(anonymous_25)
FNDA:0,(anonymous_26)
FNDA:0,(anonymous_27)
FNDA:0,(anonymous_28)
DA:14,0
DA:15,0
DA:16,0
DA:17,0
DA:19,0
DA:20,0
DA:21,0
DA:24,0
DA:26,0
DA:27,0
DA:28,0
DA:29,0
DA:33,0
DA:38,0
DA:63,0
DA:73,0
DA:82,0
DA:83,0
DA:94,0
DA:104,0
DA:105,0
DA:106,0
DA:107,0
DA:109,0
DA:111,0
DA:112,0
DA:113,0
DA:115,0
DA:119,0
DA:126,0
DA:136,0
DA:145,0
DA:146,0
DA:151,0
DA:155,0
DA:167,0
DA:168,0
DA:169,0
DA:170,0
DA:172,0
DA:177,0
DA:186,0
DA:188,0
DA:189,0
DA:191,0
DA:193,0
DA:198,0
DA:206,0
LF:48
LH:0
BRDA:19,0,0,0
BRDA:19,0,1,0
BRDA:20,1,0,0
BRDA:20,1,1,0
BRDA:24,2,0,0
BRDA:24,2,1,0
BRDA:27,3,0,0
BRDA:27,3,1,0
BRDA:45,4,0,0
BRDA:45,4,1,0
BRDA:60,5,0,0
BRDA:60,5,1,0
BRDA:76,6,0,0
BRDA:76,6,1,0
BRDA:83,7,0,0
BRDA:83,7,1,0
BRDA:83,8,0,0
BRDA:83,8,1,0
BRDA:112,9,0,0
BRDA:112,9,1,0
BRDA:139,10,0,0
BRDA:139,10,1,0
BRDA:146,11,0,0
BRDA:146,11,1,0
BRDA:146,12,0,0
BRDA:146,12,1,0
BRDA:181,13,0,0
BRDA:181,13,1,0
BRDA:188,14,0,0
BRDA:188,14,1,0
BRDA:188,15,0,0
BRDA:188,15,1,0
BRDA:193,16,0,0
BRDA:193,16,1,0
BRDA:193,17,0,0
BRDA:193,17,1,0
BRDA:199,18,0,0
BRDA:199,18,1,0
BRF:38
BRH:0
end_of_record
TN:
SF:src\components\issue-detail\panels\CommentsPanel.tsx
FN:17,CommentsPanel
FN:27,(anonymous_1)
FN:32,(anonymous_2)
FN:33,(anonymous_3)
FN:42,(anonymous_4)
FN:43,(anonymous_5)
FN:50,(anonymous_6)
FN:51,(anonymous_7)
FN:57,(anonymous_8)
FN:63,(anonymous_9)
FN:77,(anonymous_10)
FN:89,(anonymous_11)
FN:110,(anonymous_12)
FN:117,(anonymous_13)
FN:134,(anonymous_14)
FN:140,(anonymous_15)
FN:172,(anonymous_16)
FN:181,(anonymous_17)
FNF:18
FNH:0
FNDA:0,CommentsPanel
FNDA:0,(anonymous_1)
FNDA:0,(anonymous_2)
FNDA:0,(anonymous_3)
FNDA:0,(anonymous_4)
FNDA:0,(anonymous_5)
FNDA:0,(anonymous_6)
FNDA:0,(anonymous_7)
FNDA:0,(anonymous_8)
FNDA:0,(anonymous_9)
FNDA:0,(anonymous_10)
FNDA:0,(anonymous_11)
FNDA:0,(anonymous_12)
FNDA:0,(anonymous_13)
FNDA:0,(anonymous_14)
FNDA:0,(anonymous_15)
FNDA:0,(anonymous_16)
FNDA:0,(anonymous_17)
DA:18,0
DA:19,0
DA:20,0
DA:21,0
DA:22,0
DA:23,0
DA:25,0
DA:27,0
DA:31,0
DA:32,0
DA:34,0
DA:35,0
DA:36,0
DA:37,0
DA:41,0
DA:42,0
DA:44,0
DA:45,0
DA:49,0
DA:50,0
DA:52,0
DA:53,0
DA:57,0
DA:58,0
DA:59,0
DA:60,0
DA:63,0
DA:64,0
DA:65,0
DA:66,0
DA:69,0
DA:78,0
DA:90,0
DA:110,0
DA:117,0
DA:134,0
DA:140,0
DA:172,0
DA:181,0
LF:39
LH:0
BRDA:28,0,0,0
BRDA:28,0,1,0
BRDA:59,1,0,0
BRDA:59,1,1,0
BRDA:59,2,0,0
BRDA:59,2,1,0
BRDA:65,3,0,0
BRDA:65,3,1,0
BRDA:65,4,0,0
BRDA:65,4,1,0
BRDA:72,5,0,0
BRDA:72,5,1,0
BRDA:75,6,0,0
BRDA:75,6,1,0
BRDA:96,7,0,0
BRDA:96,7,1,0
BRDA:101,8,0,0
BRDA:101,8,1,0
BRDA:131,9,0,0
BRDA:131,9,1,0
BRDA:131,9,2,0
BRDA:152,10,0,0
BRDA:152,10,1,0
BRDA:156,11,0,0
BRDA:156,11,1,0
BRDA:169,12,0,0
BRDA:169,12,1,0
BRF:27
BRH:0
end_of_record
TN:
SF:src\components\issue-detail\panels\LinkedIssuesPanel.tsx
FN:17,LinkedIssuesPanel
FN:21,(anonymous_1)
FN:28,(anonymous_2)
FN:34,(anonymous_3)
FN:35,(anonymous_4)
FN:49,(anonymous_5)
FN:60,(anonymous_6)
FN:63,(anonymous_7)
FN:70,(anonymous_8)
FN:83,(anonymous_9)
FN:92,(anonymous_10)
FN:100,(anonymous_11)
FN:108,(anonymous_12)
FN:112,(anonymous_13)
FN:120,(anonymous_14)
FN:127,LinkedIssueRow
FN:141,(anonymous_16)
FN:150,(anonymous_17)
FNF:18
FNH:0
FNDA:0,LinkedIssuesPanel
FNDA:0,(anonymous_1)
FNDA:0,(anonymous_2)
FNDA:0,(anonymous_3)
FNDA:0,(anonymous_4)
FNDA:0,(anonymous_5)
FNDA:0,(anonymous_6)
FNDA:0,(anonymous_7)
FNDA:0,(anonymous_8)
FNDA:0,(anonymous_9)
FNDA:0,(anonymous_10)
FNDA:0,(anonymous_11)
FNDA:0,(anonymous_12)
FNDA:0,(anonymous_13)
FNDA:0,(anonymous_14)
FNDA:0,LinkedIssueRow
FNDA:0,(anonymous_16)
FNDA:0,(anonymous_17)
DA:8,0
DA:18,0
DA:19,0
DA:20,0
DA:21,0
DA:23,0
DA:24,0
DA:25,0
DA:26,0
DA:28,0
DA:29,0
DA:30,0
DA:31,0
DA:34,0
DA:35,0
DA:40,0
DA:42,0
DA:49,0
DA:60,0
DA:64,0
DA:70,0
DA:83,0
DA:92,0
DA:101,0
DA:108,0
DA:113,0
DA:120,0
DA:137,0
DA:141,0
DA:150,0
LF:30
LH:0
BRDA:30,0,0,0
BRDA:30,0,1,0
BRDA:35,1,0,0
BRDA:35,1,1,0
BRDA:40,2,0,0
BRDA:40,2,1,0
BRDA:40,3,0,0
BRDA:40,3,1,0
BRDA:46,4,0,0
BRDA:46,4,1,0
BRDA:56,5,0,0
BRDA:56,5,1,0
BRDA:74,6,0,0
BRDA:74,6,1,0
BRDA:90,7,0,0
BRDA:90,7,1,0
BRDA:96,8,0,0
BRDA:96,8,1,0
BRDA:96,8,2,0
BRF:19
BRH:0
end_of_record
TN:
SF:src\components\issue-detail\panels\TimeTrackingPanel.tsx
FN:12,TimeTrackingPanel
FN:22,(anonymous_1)
FN:24,(anonymous_2)
FN:30,(anonymous_3)
FN:51,(anonymous_4)
FN:66,(anonymous_5)
FN:76,(anonymous_6)
FN:87,(anonymous_7)
FN:96,(anonymous_8)
FN:109,(anonymous_9)
FN:118,(anonymous_10)
FN:127,(anonymous_11)
FN:144,(anonymous_12)
FNF:13
FNH:0
FNDA:0,TimeTrackingPanel
FNDA:0,(anonymous_1)
FNDA:0,(anonymous_2)
FNDA:0,(anonymous_3)
FNDA:0,(anonymous_4)
FNDA:0,(anonymous_5)
FNDA:0,(anonymous_6)
FNDA:0,(anonymous_7)
FNDA:0,(anonymous_8)
FNDA:0,(anonymous_9)
FNDA:0,(anonymous_10)
FNDA:0,(anonymous_11)
FNDA:0,(anonymous_12)
DA:13,0
DA:14,0
DA:15,0
DA:16,0
DA:18,0
DA:19,0
DA:20,0
DA:21,0
DA:22,0
DA:24,0
DA:25,0
DA:26,0
DA:27,0
DA:31,0
DA:32,0
DA:33,0
DA:39,0
DA:51,0
DA:66,0
DA:76,0
DA:87,0
DA:96,0
DA:109,0
DA:118,0
DA:128,0
DA:144,0
LF:26
LH:0
BRDA:25,0,0,0
BRDA:25,0,1,0
BRDA:25,1,0,0
BRDA:25,1,1,0
BRDA:26,2,0,0
BRDA:26,2,1,0
BRDA:28,3,0,0
BRDA:28,3,1,0
BRDA:44,4,0,0
BRDA:44,4,1,0
BRDA:44,4,2,0
BRDA:58,5,0,0
BRDA:58,5,1,0
BRDA:104,6,0,0
BRDA:104,6,1,0
BRDA:104,6,2,0
BRDA:116,7,0,0
BRDA:116,7,1,0
BRDA:122,8,0,0
BRDA:122,8,1,0
BRDA:122,8,2,0
BRDA:138,9,0,0
BRDA:138,9,1,0
BRDA:142,10,0,0
BRDA:142,10,1,0
BRF:25
BRH:0
end_of_record
TN:
SF:src\components\issue-detail\panels\WatchersPanel.tsx
FN:10,WatchersPanel
FN:16,(anonymous_1)
FN:18,(anonymous_2)
FN:33,(anonymous_3)
FNF:4
FNH:0
FNDA:0,WatchersPanel
FNDA:0,(anonymous_1)
FNDA:0,(anonymous_2)
FNDA:0,(anonymous_3)
DA:11,0
DA:12,0
DA:13,0
DA:14,0
DA:16,0
DA:18,0
DA:19,0
DA:20,0
DA:22,0
DA:26,0
DA:33,0
LF:11
LH:0
BRDA:19,0,0,0
BRDA:19,0,1,0
BRDA:30,1,0,0
BRDA:30,1,1,0
BRDA:32,2,0,0
BRDA:32,2,1,0
BRDA:32,3,0,0
BRDA:32,3,1,0
BRDA:40,4,0,0
BRDA:40,4,1,0
BRDA:42,5,0,0
BRDA:42,5,1,0
BRDA:47,6,0,0
BRDA:47,6,1,0
BRF:14
BRH:0
end_of_record
TN:
SF:src\components\kanban\AddColumnButton.tsx
FN:8,AddColumnButton
FN:14,(anonymous_1)
FN:20,(anonymous_2)
FN:32,(anonymous_3)
FN:47,(anonymous_4)
FN:52,(anonymous_5)
FN:68,(anonymous_6)
FNF:7
FNH:0
FNDA:0,AddColumnButton
FNDA:0,(anonymous_1)
FNDA:0,(anonymous_2)
FNDA:0,(anonymous_3)
FNDA:0,(anonymous_4)
FNDA:0,(anonymous_5)
FNDA:0,(anonymous_6)
DA:9,0
DA:10,0
DA:11,0
DA:12,0
DA:14,0
DA:15,0
DA:16,0
DA:17,0
DA:21,0
DA:22,0
DA:23,0
DA:29,0
DA:30,0
DA:32,0
DA:40,0
DA:47,0
DA:52,0
DA:68,0
LF:18
LH:0
BRDA:16,0,0,0
BRDA:16,0,1,0
BRDA:29,1,0,0
BRDA:29,1,1,0
BRDA:61,2,0,0
BRDA:61,2,1,0
BRF:6
BRH:0
end_of_record
TN:
SF:src\components\kanban\KanbanBoard.tsx
FN:27,KanbanBoard
FN:38,(anonymous_1)
FN:39,(anonymous_2)
FN:41,(anonymous_3)
FN:51,(anonymous_4)
FN:56,(anonymous_5)
FN:68,(anonymous_6)
FN:69,(anonymous_7)
FN:74,(anonymous_8)
FN:84,(anonymous_9)
FN:93,(anonymous_10)
FN:94,(anonymous_11)
FN:99,(anonymous_12)
FN:102,(anonymous_13)
FN:103,(anonymous_14)
FN:119,(anonymous_15)
FN:122,(anonymous_16)
FN:145,(anonymous_17)
FN:149,(anonymous_18)
FN:154,(anonymous_19)
FNF:20
FNH:0
FNDA:0,KanbanBoard
FNDA:0,(anonymous_1)
FNDA:0,(anonymous_2)
FNDA:0,(anonymous_3)
FNDA:0,(anonymous_4)
FNDA:0,(anonymous_5)
FNDA:0,(anonymous_6)
FNDA:0,(anonymous_7)
FNDA:0,(anonymous_8)
FNDA:0,(anonymous_9)
FNDA:0,(anonymous_10)
FNDA:0,(anonymous_11)
FNDA:0,(anonymous_12)
FNDA:0,(anonymous_13)
FNDA:0,(anonymous_14)
FNDA:0,(anonymous_15)
FNDA:0,(anonymous_16)
FNDA:0,(anonymous_17)
FNDA:0,(anonymous_18)
FNDA:0,(anonymous_19)
DA:28,0
DA:29,0
DA:31,0
DA:32,0
DA:34,0
DA:38,0
DA:39,0
DA:41,0
DA:42,0
DA:43,0
DA:44,0
DA:45,0
DA:46,0
DA:47,0
DA:51,0
DA:52,0
DA:53,0
DA:56,0
DA:57,0
DA:58,0
DA:59,0
DA:61,0
DA:63,0
DA:64,0
DA:67,0
DA:68,0
DA:69,0
DA:70,0
DA:72,0
DA:73,0
DA:74,0
DA:76,0
DA:79,0
DA:82,0
DA:83,0
DA:84,0
DA:85,0
DA:87,0
DA:88,0
DA:92,0
DA:93,0
DA:94,0
DA:95,0
DA:97,0
DA:99,0
DA:100,0
DA:102,0
DA:103,0
DA:104,0
DA:106,0
DA:108,0
DA:109,0
DA:111,0
DA:119,0
DA:120,0
DA:122,0
DA:123,0
DA:124,0
DA:126,0
DA:136,0
DA:145,0
DA:150,0
DA:154,0
LF:63
LH:0
BRDA:43,0,0,0
BRDA:43,0,1,0
BRDA:44,1,0,0
BRDA:44,1,1,0
BRDA:46,2,0,0
BRDA:46,2,1,0
BRDA:61,3,0,0
BRDA:61,3,1,0
BRDA:67,4,0,0
BRDA:67,4,1,0
BRDA:67,5,0,0
BRDA:67,5,1,0
BRDA:67,5,2,0
BRDA:70,6,0,0
BRDA:70,6,1,0
BRDA:70,7,0,0
BRDA:70,7,1,0
BRDA:79,8,0,0
BRDA:79,8,1,0
BRDA:82,9,0,0
BRDA:82,9,1,0
BRDA:85,10,0,0
BRDA:85,10,1,0
BRDA:85,11,0,0
BRDA:85,11,1,0
BRDA:92,12,0,0
BRDA:92,12,1,0
BRDA:92,13,0,0
BRDA:92,13,1,0
BRDA:95,14,0,0
BRDA:95,14,1,0
BRDA:95,15,0,0
BRDA:95,15,1,0
BRDA:97,16,0,0
BRDA:97,16,1,0
BRDA:104,17,0,0
BRDA:104,17,1,0
BRDA:104,18,0,0
BRDA:104,18,1,0
BRDA:104,18,2,0
BRDA:123,19,0,0
BRDA:123,19,1,0
BRDA:163,20,0,0
BRDA:163,20,1,0
BRDA:165,21,0,0
BRDA:165,21,1,0
BRF:46
BRH:0
end_of_record
TN:
SF:src\components\kanban\KanbanColumn.tsx
FN:16,KanbanColumn
FN:42,(anonymous_1)
FN:49,(anonymous_2)
FN:64,(anonymous_3)
FN:69,(anonymous_4)
FN:70,(anonymous_5)
FN:78,(anonymous_6)
FN:94,(anonymous_7)
FN:104,(anonymous_8)
FN:124,(anonymous_9)
FN:133,(anonymous_10)
FNF:11
FNH:0
FNDA:0,KanbanColumn
FNDA:0,(anonymous_1)
FNDA:0,(anonymous_2)
FNDA:0,(anonymous_3)
FNDA:0,(anonymous_4)
FNDA:0,(anonymous_5)
FNDA:0,(anonymous_6)
FNDA:0,(anonymous_7)
FNDA:0,(anonymous_8)
FNDA:0,(anonymous_9)
FNDA:0,(anonymous_10)
DA:17,0
DA:18,0
DA:19,0
DA:21,0
DA:22,0
DA:31,0
DA:37,0
DA:42,0
DA:43,0
DA:44,0
DA:46,0
DA:49,0
DA:50,0
DA:52,0
DA:64,0
DA:69,0
DA:71,0
DA:72,0
DA:78,0
DA:94,0
DA:104,0
DA:124,0
DA:134,0
LF:23
LH:0
BRDA:43,0,0,0
BRDA:43,0,1,0
BRDA:50,1,0,0
BRDA:50,1,1,0
BRDA:56,2,0,0
BRDA:56,2,1,0
BRDA:59,3,0,0
BRDA:59,3,1,0
BRDA:71,4,0,0
BRDA:71,4,1,0
BRDA:72,5,0,0
BRDA:72,5,1,0
BRDA:117,6,0,0
BRDA:117,6,1,0
BRDA:127,7,0,0
BRDA:127,7,1,0
BRF:16
BRH:0
end_of_record
TN:
SF:src\components\kanban\TaskCard.tsx
FN:33,TaskCard
FN:34,(anonymous_1)
FN:61,(anonymous_2)
FN:85,CardContent
FNF:4
FNH:0
FNDA:0,TaskCard
FNDA:0,(anonymous_1)
FNDA:0,(anonymous_2)
FNDA:0,CardContent
DA:6,0
DA:13,0
DA:20,0
DA:34,0
DA:41,0
DA:48,0
DA:53,0
DA:54,0
DA:61,0
DA:63,0
DA:64,0
DA:67,0
DA:86,0
LF:13
LH:0
BRDA:33,0,0,0
BRDA:53,1,0,0
BRDA:53,1,1,0
BRDA:63,2,0,0
BRDA:63,2,1,0
BRDA:64,3,0,0
BRDA:64,3,1,0
BRDA:75,4,0,0
BRDA:75,4,1,0
BRDA:103,5,0,0
BRDA:103,5,1,0
BRF:11
BRH:0
end_of_record
TN:
SF:src\components\layout\Header.tsx
FN:5,UserAvatar
FN:17,(anonymous_1)
FN:28,Header
FNF:3
FNH:0
FNDA:0,UserAvatar
FNDA:0,(anonymous_1)
FNDA:0,Header
DA:6,0
DA:7,0
DA:15,0
DA:17,0
DA:21,0
DA:29,0
DA:30,0
DA:32,0
LF:8
LH:0
BRDA:6,0,0,0
BRDA:6,0,1,0
BRDA:44,1,0,0
BRDA:44,1,1,0
BRDA:54,2,0,0
BRDA:54,2,1,0
BRF:6
BRH:0
end_of_record
TN:
SF:src\components\layout\Layout.tsx
FN:5,Layout
FNF:1
FNH:0
FNDA:0,Layout
DA:6,0
LF:1
LH:0
BRF:0
BRH:0
end_of_record
TN:
SF:src\components\layout\Sidebar.tsx
FN:4,NavItem
FN:19,(anonymous_1)
FN:33,(anonymous_2)
FN:40,(anonymous_3)
FN:48,(anonymous_4)
FN:56,(anonymous_5)
FN:64,(anonymous_6)
FN:70,ProjectNav
FN:92,Sidebar
FN:102,(anonymous_9)
FN:122,(anonymous_10)
FN:127,(anonymous_11)
FNF:12
FNH:0
FNDA:0,NavItem
FNDA:0,(anonymous_1)
FNDA:0,(anonymous_2)
FNDA:0,(anonymous_3)
FNDA:0,(anonymous_4)
FNDA:0,(anonymous_5)
FNDA:0,(anonymous_6)
FNDA:0,ProjectNav
FNDA:0,Sidebar
FNDA:0,(anonymous_9)
FNDA:0,(anonymous_10)
FNDA:0,(anonymous_11)
DA:15,0
DA:20,0
DA:33,0
DA:34,0
DA:40,0
DA:41,0
DA:48,0
DA:49,0
DA:56,0
DA:57,0
DA:64,0
DA:65,0
DA:71,0
DA:93,0
DA:94,0
DA:96,0
DA:103,0
DA:123,0
DA:129,0
DA:130,0
LF:20
LH:0
BRDA:8,0,0,0
BRDA:21,1,0,0
BRDA:21,1,1,0
BRDA:104,2,0,0
BRDA:104,2,1,0
BRDA:116,3,0,0
BRDA:116,3,1,0
BRDA:116,3,2,0
BRDA:129,4,0,0
BRDA:129,4,1,0
BRDA:131,5,0,0
BRDA:131,5,1,0
BRDA:139,6,0,0
BRDA:139,6,1,0
BRF:14
BRH:0
end_of_record
TN:
SF:src\components\ui\AvatarStack.tsx
FN:13,Avatar
FN:35,AvatarStack
FN:42,(anonymous_2)
FNF:3
FNH:0
FNDA:0,Avatar
FNDA:0,AvatarStack
FNDA:0,(anonymous_2)
DA:14,0
DA:15,0
DA:16,0
DA:25,0
DA:36,0
DA:37,0
DA:38,0
DA:40,0
DA:43,0
LF:9
LH:0
BRDA:14,0,0,0
BRDA:14,0,1,0
BRDA:15,1,0,0
BRDA:15,1,1,0
BRDA:35,2,0,0
BRDA:35,3,0,0
BRDA:38,4,0,0
BRDA:38,4,1,0
BRDA:45,5,0,0
BRDA:45,5,1,0
BRF:10
BRH:0
end_of_record
TN:
SF:src\components\ui\Button.tsx
FN:29,Button
FNF:1
FNH:1
FNDA:108,Button
DA:12,2
DA:23,2
DA:38,108
LF:3
LH:3
BRDA:30,0,0,108
BRDA:31,1,0,108
BRDA:32,2,0,108
BRDA:35,3,0,108
BRDA:41,4,0,108
BRDA:41,4,1,105
BRDA:44,5,0,108
BRDA:44,5,1,4
BRF:8
BRH:8
end_of_record
TN:
SF:src\components\ui\Drawer.tsx
FN:11,Drawer
FN:14,(anonymous_1)
FN:16,(anonymous_2)
FN:20,(anonymous_3)
FN:23,(anonymous_4)
FN:29,(anonymous_5)
FNF:6
FNH:0
FNDA:0,Drawer
FNDA:0,(anonymous_1)
FNDA:0,(anonymous_2)
FNDA:0,(anonymous_3)
FNDA:0,(anonymous_4)
FNDA:0,(anonymous_5)
DA:12,0
DA:14,0
DA:15,0
DA:16,0
DA:17,0
DA:19,0
DA:20,0
DA:23,0
DA:24,0
DA:25,0
DA:27,0
DA:29,0
DA:32,0
LF:13
LH:0
BRDA:11,0,0,0
BRDA:15,1,0,0
BRDA:15,1,1,0
BRDA:17,2,0,0
BRDA:17,2,1,0
BRDA:24,3,0,0
BRDA:24,3,1,0
BRDA:35,4,0,0
BRDA:35,4,1,0
BRDA:44,5,0,0
BRDA:44,5,1,0
BRDA:52,6,0,0
BRDA:52,6,1,0
BRF:13
BRH:0
end_of_record
TN:
SF:src\components\ui\Icons.tsx
FN:5,GripIcon
FN:18,XIcon
FN:26,CheckIcon
FN:34,BugIcon
FN:42,DiamondIcon
FN:50,StarIcon
FN:58,PlusIcon
FN:66,LogoutIcon
FN:76,BoardIcon
FN:86,ListIcon
FNF:10
FNH:0
FNDA:0,GripIcon
FNDA:0,XIcon
FNDA:0,CheckIcon
FNDA:0,BugIcon
FNDA:0,DiamondIcon
FNDA:0,StarIcon
FNDA:0,PlusIcon
FNDA:0,LogoutIcon
FNDA:0,BoardIcon
FNDA:0,ListIcon
DA:6,0
DA:19,0
DA:27,0
DA:35,0
DA:43,0
DA:51,0
DA:59,0
DA:67,0
DA:77,0
DA:87,0
LF:10
LH:0
BRDA:5,0,0,0
BRDA:18,1,0,0
BRDA:26,2,0,0
BRDA:34,3,0,0
BRDA:42,4,0,0
BRDA:50,5,0,0
BRDA:58,6,0,0
BRDA:66,7,0,0
BRDA:76,8,0,0
BRDA:86,9,0,0
BRF:10
BRH:0
end_of_record
TN:
SF:src\components\ui\Input.tsx
FN:9,(anonymous_0)
FNF:1
FNH:1
FNDA:184,(anonymous_0)
DA:9,1
DA:11,184
DA:13,184
DA:40,1
LF:4
LH:4
BRDA:10,0,0,184
BRDA:11,1,0,184
BRDA:11,1,1,184
BRDA:11,2,0,184
BRDA:11,2,1,0
BRDA:15,3,0,184
BRDA:15,3,1,184
BRDA:28,4,0,0
BRDA:28,4,1,184
BRDA:33,5,0,184
BRDA:33,5,1,0
BRDA:34,6,0,184
BRDA:34,6,1,2
BRDA:34,6,2,2
BRF:14
BRH:11
end_of_record
TN:
SF:src\components\ui\Modal.tsx
FN:18,Modal
FN:19,(anonymous_1)
FN:20,(anonymous_2)
FN:27,(anonymous_3)
FNF:4
FNH:4
FNDA:9,Modal
FNDA:9,(anonymous_1)
FNDA:1,(anonymous_2)
FNDA:9,(anonymous_3)
DA:11,1
DA:19,9
DA:20,9
DA:21,1
DA:23,9
DA:24,8
DA:25,8
DA:27,9
DA:28,9
DA:29,9
DA:33,9
DA:35,8
LF:12
LH:12
BRDA:18,0,0,9
BRDA:21,1,0,1
BRDA:21,1,1,0
BRDA:23,2,0,8
BRDA:23,2,1,1
BRDA:33,3,0,1
BRDA:33,3,1,8
BRF:7
BRH:6
end_of_record
TN:
SF:src\components\ui\RichTextEditor.tsx
FN:16,RichTextEditor
FN:38,(anonymous_1)
FN:41,(anonymous_2)
FN:51,(anonymous_3)
FN:58,(anonymous_4)
FN:68,(anonymous_5)
FN:71,(anonymous_6)
FN:74,(anonymous_7)
FN:78,(anonymous_8)
FN:81,(anonymous_9)
FN:85,(anonymous_10)
FN:99,ToolbarBtn
FN:113,(anonymous_12)
FNF:13
FNH:0
FNDA:0,RichTextEditor
FNDA:0,(anonymous_1)
FNDA:0,(anonymous_2)
FNDA:0,(anonymous_3)
FNDA:0,(anonymous_4)
FNDA:0,(anonymous_5)
FNDA:0,(anonymous_6)
FNDA:0,(anonymous_7)
FNDA:0,(anonymous_8)
FNDA:0,(anonymous_9)
FNDA:0,(anonymous_10)
FNDA:0,ToolbarBtn
FNDA:0,(anonymous_12)
DA:24,0
DA:39,0
DA:42,0
DA:51,0
DA:52,0
DA:53,0
DA:54,0
DA:58,0
DA:59,0
DA:62,0
DA:64,0
DA:68,0
DA:71,0
DA:74,0
DA:78,0
DA:81,0
DA:85,0
DA:110,0
DA:113,0
LF:19
LH:0
BRDA:20,0,0,0
BRDA:21,1,0,0
BRDA:22,2,0,0
BRDA:52,3,0,0
BRDA:52,3,1,0
BRDA:53,4,0,0
BRDA:53,4,1,0
BRDA:62,5,0,0
BRDA:62,5,1,0
BRDA:66,6,0,0
BRDA:66,6,1,0
BRDA:93,7,0,0
BRDA:93,7,1,0
BRDA:116,8,0,0
BRDA:116,8,1,0
BRF:15
BRH:0
end_of_record
TN:
SF:src\components\ui\Select.tsx
FN:16,(anonymous_0)
FN:45,(anonymous_1)
FNF:2
FNH:0
FNDA:0,(anonymous_0)
FNDA:0,(anonymous_1)
DA:16,0
DA:18,0
DA:20,0
DA:46,0
DA:58,0
LF:5
LH:0
BRDA:17,0,0,0
BRDA:18,1,0,0
BRDA:18,1,1,0
BRDA:18,2,0,0
BRDA:18,2,1,0
BRDA:22,3,0,0
BRDA:22,3,1,0
BRDA:35,4,0,0
BRDA:35,4,1,0
BRDA:40,5,0,0
BRDA:40,5,1,0
BRDA:51,6,0,0
BRDA:51,6,1,0
BRDA:52,7,0,0
BRDA:52,7,1,0
BRDA:52,7,2,0
BRF:16
BRH:0
end_of_record
TN:
SF:src\components\ui\Skeleton.tsx
FN:5,Skeleton
FN:11,SkeletonText
FN:14,(anonymous_2)
FNF:3
FNH:0
FNDA:0,Skeleton
FNDA:0,SkeletonText
FNDA:0,(anonymous_2)
DA:6,0
DA:12,0
DA:15,0
LF:3
LH:0
BRDA:5,0,0,0
BRDA:11,1,0,0
BRDA:17,2,0,0
BRDA:17,2,1,0
BRF:4
BRH:0
end_of_record
TN:
SF:src\hooks\useActivity.ts
FN:4,useIssueActivity
FN:7,(anonymous_1)
FN:12,useProjectActivity
FN:15,(anonymous_3)
FNF:4
FNH:0
FNDA:0,useIssueActivity
FNDA:0,(anonymous_1)
FNDA:0,useProjectActivity
FNDA:0,(anonymous_3)
DA:5,0
DA:7,0
DA:13,0
DA:15,0
LF:4
LH:0
BRF:0
BRH:0
end_of_record
TN:
SF:src\hooks\useAuth.ts
FN:6,useLogin
FN:12,(anonymous_1)
FN:19,useRegister
FN:25,(anonymous_3)
FN:32,useLogout
FN:37,(anonymous_5)
FNF:6
FNH:0
FNDA:0,useLogin
FNDA:0,(anonymous_1)
FNDA:0,useRegister
FNDA:0,(anonymous_3)
FNDA:0,useLogout
FNDA:0,(anonymous_5)
DA:7,0
DA:8,0
DA:10,0
DA:13,0
DA:14,0
DA:20,0
DA:21,0
DA:23,0
DA:26,0
DA:27,0
DA:33,0
DA:34,0
DA:35,0
DA:37,0
DA:38,0
DA:39,0
DA:40,0
LF:17
LH:0
BRF:0
BRH:0
end_of_record
TN:
SF:src\hooks\useChecklists.ts
FN:4,useChecklists
FN:7,(anonymous_1)
FN:12,useCreateChecklist
FN:15,(anonymous_3)
FN:17,(anonymous_4)
FN:21,useUpdateChecklist
FN:24,(anonymous_6)
FN:26,(anonymous_7)
FN:30,useDeleteChecklist
FN:33,(anonymous_9)
FN:34,(anonymous_10)
FN:38,useCreateChecklistItem
FN:41,(anonymous_12)
FN:43,(anonymous_13)
FN:47,useUpdateChecklistItem
FN:50,(anonymous_15)
FN:52,(anonymous_16)
FN:56,useDeleteChecklistItem
FN:59,(anonymous_18)
FN:60,(anonymous_19)
FNF:20
FNH:0
FNDA:0,useChecklists
FNDA:0,(anonymous_1)
FNDA:0,useCreateChecklist
FNDA:0,(anonymous_3)
FNDA:0,(anonymous_4)
FNDA:0,useUpdateChecklist
FNDA:0,(anonymous_6)
FNDA:0,(anonymous_7)
FNDA:0,useDeleteChecklist
FNDA:0,(anonymous_9)
FNDA:0,(anonymous_10)
FNDA:0,useCreateChecklistItem
FNDA:0,(anonymous_12)
FNDA:0,(anonymous_13)
FNDA:0,useUpdateChecklistItem
FNDA:0,(anonymous_15)
FNDA:0,(anonymous_16)
FNDA:0,useDeleteChecklistItem
FNDA:0,(anonymous_18)
FNDA:0,(anonymous_19)
DA:5,0
DA:7,0
DA:13,0
DA:14,0
DA:16,0
DA:17,0
DA:22,0
DA:23,0
DA:25,0
DA:26,0
DA:31,0
DA:32,0
DA:33,0
DA:34,0
DA:39,0
DA:40,0
DA:42,0
DA:43,0
DA:48,0
DA:49,0
DA:51,0
DA:52,0
DA:57,0
DA:58,0
DA:59,0
DA:60,0
LF:26
LH:0
BRF:0
BRH:0
end_of_record
TN:
SF:src\hooks\useColumns.ts
FN:5,useColumns
FN:8,(anonymous_1)
FN:14,useCreateColumn
FN:17,(anonymous_3)
FN:18,(anonymous_4)
FN:24,useUpdateColumn
FN:27,(anonymous_6)
FN:29,(anonymous_7)
FN:32,(anonymous_8)
FN:34,(anonymous_9)
FN:38,(anonymous_10)
FN:43,(anonymous_11)
FN:49,useDeleteColumn
FN:52,(anonymous_13)
FN:53,(anonymous_14)
FN:56,(anonymous_15)
FN:58,(anonymous_16)
FN:62,(anonymous_17)
FN:67,(anonymous_18)
FN:74,useReorderColumns
FN:77,(anonymous_20)
FN:78,(anonymous_21)
FN:81,(anonymous_22)
FN:83,(anonymous_23)
FN:85,(anonymous_24)
FN:86,(anonymous_25)
FN:90,(anonymous_26)
FNF:27
FNH:0
FNDA:0,useColumns
FNDA:0,(anonymous_1)
FNDA:0,useCreateColumn
FNDA:0,(anonymous_3)
FNDA:0,(anonymous_4)
FNDA:0,useUpdateColumn
FNDA:0,(anonymous_6)
FNDA:0,(anonymous_7)
FNDA:0,(anonymous_8)
FNDA:0,(anonymous_9)
FNDA:0,(anonymous_10)
FNDA:0,(anonymous_11)
FNDA:0,useDeleteColumn
FNDA:0,(anonymous_13)
FNDA:0,(anonymous_14)
FNDA:0,(anonymous_15)
FNDA:0,(anonymous_16)
FNDA:0,(anonymous_17)
FNDA:0,(anonymous_18)
FNDA:0,useReorderColumns
FNDA:0,(anonymous_20)
FNDA:0,(anonymous_21)
FNDA:0,(anonymous_22)
FNDA:0,(anonymous_23)
FNDA:0,(anonymous_24)
FNDA:0,(anonymous_25)
FNDA:0,(anonymous_26)
DA:6,0
DA:8,0
DA:15,0
DA:16,0
DA:17,0
DA:19,0
DA:25,0
DA:26,0
DA:28,0
DA:30,0
DA:31,0
DA:32,0
DA:33,0
DA:34,0
DA:36,0
DA:39,0
DA:40,0
DA:44,0
DA:50,0
DA:51,0
DA:52,0
DA:54,0
DA:55,0
DA:56,0
DA:57,0
DA:58,0
DA:60,0
DA:63,0
DA:64,0
DA:68,0
DA:69,0
DA:75,0
DA:76,0
DA:77,0
DA:79,0
DA:80,0
DA:81,0
DA:82,0
DA:83,0
DA:84,0
DA:85,0
DA:86,0
DA:88,0
DA:91,0
DA:92,0
LF:45
LH:0
BRDA:33,0,0,0
BRDA:33,0,1,0
BRDA:34,1,0,0
BRDA:34,1,1,0
BRDA:39,2,0,0
BRDA:39,2,1,0
BRDA:57,3,0,0
BRDA:57,3,1,0
BRDA:63,4,0,0
BRDA:63,4,1,0
BRDA:82,5,0,0
BRDA:82,5,1,0
BRDA:85,6,0,0
BRDA:85,6,1,0
BRDA:91,7,0,0
BRDA:91,7,1,0
BRF:16
BRH:0
end_of_record
TN:
SF:src\hooks\useIssueLinks.ts
FN:5,useIssueLinks
FN:8,(anonymous_1)
FN:13,useCreateIssueLink
FN:16,(anonymous_3)
FN:18,(anonymous_4)
FN:22,useDeleteIssueLink
FN:25,(anonymous_6)
FN:26,(anonymous_7)
FNF:8
FNH:0
FNDA:0,useIssueLinks
FNDA:0,(anonymous_1)
FNDA:0,useCreateIssueLink
FNDA:0,(anonymous_3)
FNDA:0,(anonymous_4)
FNDA:0,useDeleteIssueLink
FNDA:0,(anonymous_6)
FNDA:0,(anonymous_7)
DA:6,0
DA:8,0
DA:14,0
DA:15,0
DA:17,0
DA:18,0
DA:23,0
DA:24,0
DA:25,0
DA:26,0
LF:10
LH:0
BRF:0
BRH:0
end_of_record
TN:
SF:src\hooks\useIssues.ts
FN:5,useIssues
FN:8,(anonymous_1)
FN:14,useIssue
FN:17,(anonymous_3)
FN:22,useCreateIssue
FN:25,(anonymous_5)
FN:26,(anonymous_6)
FN:32,useUpdateIssue
FN:35,(anonymous_8)
FN:36,(anonymous_9)
FN:43,useDeleteIssue
FN:46,(anonymous_11)
FN:47,(anonymous_12)
FN:53,useMoveIssue
FN:56,(anonymous_14)
FN:68,(anonymous_15)
FN:72,(anonymous_16)
FN:74,(anonymous_17)
FN:77,(anonymous_18)
FN:78,(anonymous_19)
FN:88,(anonymous_20)
FN:90,(anonymous_21)
FN:95,(anonymous_22)
FN:117,(anonymous_23)
FNF:24
FNH:18
FNDA:5,useIssues
FNDA:2,(anonymous_1)
FNDA:3,useIssue
FNDA:1,(anonymous_3)
FNDA:4,useCreateIssue
FNDA:2,(anonymous_5)
FNDA:1,(anonymous_6)
FNDA:2,useUpdateIssue
FNDA:1,(anonymous_8)
FNDA:1,(anonymous_9)
FNDA:4,useDeleteIssue
FNDA:2,(anonymous_11)
FNDA:1,(anonymous_12)
FNDA:6,useMoveIssue
FNDA:3,(anonymous_14)
FNDA:3,(anonymous_15)
FNDA:0,(anonymous_16)
FNDA:3,(anonymous_17)
FNDA:0,(anonymous_18)
FNDA:0,(anonymous_19)
FNDA:0,(anonymous_20)
FNDA:0,(anonymous_21)
FNDA:0,(anonymous_22)
FNDA:1,(anonymous_23)
DA:6,5
DA:8,2
DA:15,3
DA:17,1
DA:23,4
DA:24,4
DA:25,2
DA:27,1
DA:33,2
DA:34,2
DA:35,1
DA:37,1
DA:38,1
DA:44,4
DA:45,4
DA:46,2
DA:48,1
DA:54,6
DA:55,6
DA:66,3
DA:69,3
DA:70,3
DA:71,3
DA:72,3
DA:74,3
DA:75,3
DA:77,0
DA:78,3
DA:81,3
DA:82,0
DA:83,0
DA:84,0
DA:85,0
DA:86,0
DA:88,0
DA:89,0
DA:90,0
DA:92,0
DA:95,0
DA:96,0
DA:114,3
DA:118,1
DA:119,0
LF:43
LH:30
BRDA:18,0,0,3
BRDA:18,0,1,3
BRDA:75,1,0,3
BRDA:75,1,1,0
BRDA:77,2,0,0
BRDA:77,2,1,0
BRDA:78,3,0,0
BRDA:78,3,1,0
BRDA:81,4,0,0
BRDA:81,4,1,0
BRDA:81,5,0,3
BRDA:81,5,1,0
BRDA:83,6,0,0
BRDA:83,6,1,0
BRDA:85,7,0,0
BRDA:85,7,1,0
BRDA:89,8,0,0
BRDA:89,8,1,0
BRDA:96,9,0,0
BRDA:96,9,1,0
BRDA:101,10,0,0
BRDA:101,10,1,0
BRDA:118,11,0,0
BRDA:118,11,1,1
BRF:24
BRH:5
end_of_record
TN:
SF:src\hooks\useLabels.ts
FN:4,useProjectLabels
FN:7,(anonymous_1)
FN:12,useCreateLabel
FN:15,(anonymous_3)
FN:16,(anonymous_4)
FN:20,useAddLabelToIssue
FN:23,(anonymous_6)
FN:24,(anonymous_7)
FN:30,useRemoveLabelFromIssue
FN:33,(anonymous_9)
FN:34,(anonymous_10)
FNF:11
FNH:0
FNDA:0,useProjectLabels
FNDA:0,(anonymous_1)
FNDA:0,useCreateLabel
FNDA:0,(anonymous_3)
FNDA:0,(anonymous_4)
FNDA:0,useAddLabelToIssue
FNDA:0,(anonymous_6)
FNDA:0,(anonymous_7)
FNDA:0,useRemoveLabelFromIssue
FNDA:0,(anonymous_9)
FNDA:0,(anonymous_10)
DA:5,0
DA:7,0
DA:13,0
DA:14,0
DA:15,0
DA:16,0
DA:21,0
DA:22,0
DA:23,0
DA:25,0
DA:31,0
DA:32,0
DA:33,0
DA:35,0
LF:14
LH:0
BRF:0
BRH:0
end_of_record
TN:
SF:src\hooks\useProfile.ts
FN:6,useUpdateProfile
FN:11,(anonymous_1)
FN:12,(anonymous_2)
FN:19,useChangePassword
FN:21,(anonymous_4)
FN:26,useSetup2FA
FN:32,useEnable2FA
FN:37,(anonymous_7)
FN:38,(anonymous_8)
FN:45,useDisable2FA
FN:51,(anonymous_10)
FNF:11
FNH:0
FNDA:0,useUpdateProfile
FNDA:0,(anonymous_1)
FNDA:0,(anonymous_2)
FNDA:0,useChangePassword
FNDA:0,(anonymous_4)
FNDA:0,useSetup2FA
FNDA:0,useEnable2FA
FNDA:0,(anonymous_7)
FNDA:0,(anonymous_8)
FNDA:0,useDisable2FA
FNDA:0,(anonymous_10)
DA:7,0
DA:8,0
DA:10,0
DA:11,0
DA:13,0
DA:14,0
DA:20,0
DA:22,0
DA:27,0
DA:33,0
DA:34,0
DA:36,0
DA:37,0
DA:39,0
DA:40,0
DA:46,0
DA:47,0
DA:49,0
DA:52,0
DA:53,0
LF:20
LH:0
BRDA:13,0,0,0
BRDA:13,0,1,0
BRDA:39,1,0,0
BRDA:39,1,1,0
BRDA:52,2,0,0
BRDA:52,2,1,0
BRF:6
BRH:0
end_of_record
TN:
SF:src\hooks\useProjects.ts
FN:5,useProjects
FN:12,useProject
FN:15,(anonymous_2)
FN:20,useCreateProject
FN:23,(anonymous_4)
FN:24,(anonymous_5)
FN:30,useUpdateProject
FN:33,(anonymous_7)
FN:34,(anonymous_8)
FN:41,useDeleteProject
FN:44,(anonymous_10)
FN:45,(anonymous_11)
FNF:12
FNH:0
FNDA:0,useProjects
FNDA:0,useProject
FNDA:0,(anonymous_2)
FNDA:0,useCreateProject
FNDA:0,(anonymous_4)
FNDA:0,(anonymous_5)
FNDA:0,useUpdateProject
FNDA:0,(anonymous_7)
FNDA:0,(anonymous_8)
FNDA:0,useDeleteProject
FNDA:0,(anonymous_10)
FNDA:0,(anonymous_11)
DA:6,0
DA:13,0
DA:15,0
DA:21,0
DA:22,0
DA:23,0
DA:25,0
DA:31,0
DA:32,0
DA:33,0
DA:35,0
DA:36,0
DA:42,0
DA:43,0
DA:44,0
DA:46,0
LF:16
LH:0
BRF:0
BRH:0
end_of_record
TN:
SF:src\hooks\useSprints.ts
FN:4,useSprints
FN:7,(anonymous_1)
FN:12,useBacklog
FN:15,(anonymous_3)
FN:20,useCreateSprint
FN:23,(anonymous_5)
FN:25,(anonymous_6)
FN:29,useUpdateSprint
FN:32,(anonymous_8)
FN:34,(anonymous_9)
FN:38,useStartSprint
FN:41,(anonymous_11)
FN:42,(anonymous_12)
FN:46,useCompleteSprint
FN:49,(anonymous_14)
FN:50,(anonymous_15)
FN:54,useDeleteSprint
FN:57,(anonymous_17)
FN:58,(anonymous_18)
FNF:19
FNH:16
FNDA:5,useSprints
FNDA:2,(anonymous_1)
FNDA:2,useBacklog
FNDA:1,(anonymous_3)
FNDA:4,useCreateSprint
FNDA:2,(anonymous_5)
FNDA:1,(anonymous_6)
FNDA:0,useUpdateSprint
FNDA:0,(anonymous_8)
FNDA:0,(anonymous_9)
FNDA:2,useStartSprint
FNDA:1,(anonymous_11)
FNDA:1,(anonymous_12)
FNDA:2,useCompleteSprint
FNDA:1,(anonymous_14)
FNDA:1,(anonymous_15)
FNDA:4,useDeleteSprint
FNDA:2,(anonymous_17)
FNDA:1,(anonymous_18)
DA:5,5
DA:7,2
DA:13,2
DA:15,1
DA:21,4
DA:22,4
DA:24,2
DA:25,1
DA:30,0
DA:31,0
DA:33,0
DA:34,0
DA:39,2
DA:40,2
DA:41,1
DA:42,1
DA:47,2
DA:48,2
DA:49,1
DA:50,1
DA:55,4
DA:56,4
DA:57,2
DA:58,1
LF:24
LH:20
BRF:0
BRH:0
end_of_record
TN:
SF:src\hooks\useTimeTracking.ts
FN:4,useTimeEntries
FN:7,(anonymous_1)
FN:12,useLogTime
FN:15,(anonymous_3)
FN:17,(anonymous_4)
FN:21,useUpdateTimeEntry
FN:24,(anonymous_6)
FN:26,(anonymous_7)
FN:30,useDeleteTimeEntry
FN:33,(anonymous_9)
FN:34,(anonymous_10)
FNF:11
FNH:0
FNDA:0,useTimeEntries
FNDA:0,(anonymous_1)
FNDA:0,useLogTime
FNDA:0,(anonymous_3)
FNDA:0,(anonymous_4)
FNDA:0,useUpdateTimeEntry
FNDA:0,(anonymous_6)
FNDA:0,(anonymous_7)
FNDA:0,useDeleteTimeEntry
FNDA:0,(anonymous_9)
FNDA:0,(anonymous_10)
DA:5,0
DA:7,0
DA:13,0
DA:14,0
DA:16,0
DA:17,0
DA:22,0
DA:23,0
DA:25,0
DA:26,0
DA:31,0
DA:32,0
DA:33,0
DA:34,0
LF:14
LH:0
BRF:0
BRH:0
end_of_record
TN:
SF:src\hooks\useWatchers.ts
FN:4,useWatchers
FN:7,(anonymous_1)
FN:12,useWatchIssue
FN:15,(anonymous_3)
FN:16,(anonymous_4)
FN:20,useUnwatchIssue
FN:23,(anonymous_6)
FN:24,(anonymous_7)
FNF:8
FNH:0
FNDA:0,useWatchers
FNDA:0,(anonymous_1)
FNDA:0,useWatchIssue
FNDA:0,(anonymous_3)
FNDA:0,(anonymous_4)
FNDA:0,useUnwatchIssue
FNDA:0,(anonymous_6)
FNDA:0,(anonymous_7)
DA:5,0
DA:7,0
DA:13,0
DA:14,0
DA:15,0
DA:16,0
DA:21,0
DA:22,0
DA:23,0
DA:24,0
LF:10
LH:0
BRF:0
BRH:0
end_of_record
TN:
SF:src\pages\auth\LoginPage.tsx
FN:7,LoginPage
FN:14,(anonymous_1)
FN:19,(anonymous_2)
FN:29,(anonymous_3)
FN:58,(anonymous_4)
FN:68,(anonymous_5)
FN:84,(anonymous_6)
FNF:7
FNH:6
FNDA:91,LoginPage
FNDA:3,(anonymous_1)
FNDA:2,(anonymous_2)
FNDA:91,(anonymous_3)
FNDA:42,(anonymous_4)
FNDA:33,(anonymous_5)
FNDA:0,(anonymous_6)
DA:8,91
DA:9,91
DA:10,91
DA:11,91
DA:12,91
DA:14,91
DA:15,3
DA:16,3
DA:20,2
DA:21,2
DA:22,2
DA:29,91
DA:30,91
DA:31,91
DA:32,2
DA:33,1
DA:34,0
DA:37,91
DA:58,42
DA:68,33
DA:84,0
LF:21
LH:19
BRDA:17,0,0,3
BRDA:17,0,1,3
BRDA:21,1,0,2
BRDA:21,1,1,0
BRDA:31,2,0,89
BRDA:31,2,1,2
BRDA:31,3,0,91
BRDA:31,3,1,2
BRDA:32,4,0,1
BRDA:32,4,1,1
BRDA:33,5,0,1
BRDA:33,5,1,0
BRDA:75,6,0,91
BRDA:75,6,1,2
BRDA:92,7,0,91
BRDA:92,7,1,2
BRDA:106,8,0,2
BRDA:106,8,1,89
BRF:18
BRH:16
end_of_record
TN:
SF:src\pages\auth\RegisterPage.tsx
FN:10,(anonymous_0)
FN:14,RegisterPage
FN:23,(anonymous_2)
FN:33,(anonymous_3)
FN:61,(anonymous_4)
FN:73,(anonymous_5)
FN:83,(anonymous_6)
FN:92,(anonymous_7)
FN:105,(anonymous_8)
FNF:9
FNH:0
FNDA:0,(anonymous_0)
FNDA:0,RegisterPage
FNDA:0,(anonymous_2)
FNDA:0,(anonymous_3)
FNDA:0,(anonymous_4)
FNDA:0,(anonymous_5)
FNDA:0,(anonymous_6)
FNDA:0,(anonymous_7)
FNDA:0,(anonymous_8)
DA:10,0
DA:11,0
DA:15,0
DA:16,0
DA:17,0
DA:18,0
DA:19,0
DA:20,0
DA:21,0
DA:23,0
DA:24,0
DA:25,0
DA:26,0
DA:27,0
DA:29,0
DA:30,0
DA:33,0
DA:34,0
DA:35,0
DA:36,0
DA:37,0
DA:40,0
DA:61,0
DA:73,0
DA:83,0
DA:92,0
DA:106,0
DA:107,0
LF:28
LH:0
BRDA:25,0,0,0
BRDA:25,0,1,0
BRDA:35,1,0,0
BRDA:35,1,1,0
BRDA:36,2,0,0
BRDA:36,2,1,0
BRDA:107,3,0,0
BRDA:107,3,1,0
BRDA:116,4,0,0
BRDA:116,4,1,0
BRF:10
BRH:0
end_of_record
TN:
SF:src\pages\backlog\BacklogPage.tsx
FN:30,BacklogPage
FN:50,(anonymous_1)
FN:52,(anonymous_2)
FN:53,(anonymous_3)
FN:55,(anonymous_4)
FN:58,(anonymous_5)
FN:65,(anonymous_6)
FN:66,(anonymous_7)
FN:70,(anonymous_8)
FN:75,(anonymous_9)
FN:95,(anonymous_10)
FN:105,(anonymous_11)
FN:112,(anonymous_12)
FN:113,(anonymous_13)
FN:114,(anonymous_14)
FN:115,(anonymous_15)
FN:138,(anonymous_16)
FN:142,(anonymous_17)
FNF:18
FNH:0
FNDA:0,BacklogPage
FNDA:0,(anonymous_1)
FNDA:0,(anonymous_2)
FNDA:0,(anonymous_3)
FNDA:0,(anonymous_4)
FNDA:0,(anonymous_5)
FNDA:0,(anonymous_6)
FNDA:0,(anonymous_7)
FNDA:0,(anonymous_8)
FNDA:0,(anonymous_9)
FNDA:0,(anonymous_10)
FNDA:0,(anonymous_11)
FNDA:0,(anonymous_12)
FNDA:0,(anonymous_13)
FNDA:0,(anonymous_14)
FNDA:0,(anonymous_15)
FNDA:0,(anonymous_16)
FNDA:0,(anonymous_17)
DA:31,0
DA:32,0
DA:34,0
DA:35,0
DA:37,0
DA:38,0
DA:39,0
DA:40,0
DA:41,0
DA:43,0
DA:44,0
DA:46,0
DA:50,0
DA:52,0
DA:53,0
DA:55,0
DA:57,0
DA:59,0
DA:60,0
DA:65,0
DA:66,0
DA:67,0
DA:70,0
DA:71,0
DA:72,0
DA:73,0
DA:75,0
DA:76,0
DA:78,0
DA:79,0
DA:81,0
DA:83,0
DA:84,0
DA:87,0
DA:88,0
DA:91,0
DA:95,0
DA:106,0
DA:112,0
DA:113,0
DA:114,0
DA:115,0
DA:139,0
DA:140,0
DA:142,0
LF:45
LH:0
BRDA:34,0,0,0
BRDA:35,1,0,0
BRDA:67,2,0,0
BRDA:67,2,1,0
BRDA:73,3,0,0
BRDA:73,3,1,0
BRDA:73,4,0,0
BRDA:73,4,1,0
BRDA:76,5,0,0
BRDA:76,5,1,0
BRDA:78,6,0,0
BRDA:78,6,1,0
BRDA:79,7,0,0
BRDA:79,7,1,0
BRDA:81,8,0,0
BRDA:81,8,1,0
BRDA:87,9,0,0
BRDA:87,9,1,0
BRDA:127,10,0,0
BRDA:127,10,1,0
BRDA:136,11,0,0
BRDA:136,11,1,0
BRF:22
BRH:0
end_of_record
TN:
SF:src\pages\issues\IssuesPage.tsx
FN:24,CreateIssueModal
FN:29,(anonymous_1)
FN:39,(anonymous_2)
FN:39,(anonymous_3)
FN:47,(anonymous_4)
FN:47,(anonymous_5)
FN:50,(anonymous_6)
FN:60,(anonymous_7)
FN:60,(anonymous_8)
FN:61,(anonymous_9)
FN:67,(anonymous_10)
FN:67,(anonymous_11)
FN:68,(anonymous_12)
FN:73,(anonymous_13)
FN:73,(anonymous_14)
FN:74,(anonymous_15)
FN:74,(anonymous_16)
FN:87,IssuesPage
FN:90,(anonymous_18)
FN:99,(anonymous_19)
FN:109,(anonymous_20)
FN:113,(anonymous_21)
FN:144,(anonymous_22)
FN:145,(anonymous_23)
FNF:24
FNH:0
FNDA:0,CreateIssueModal
FNDA:0,(anonymous_1)
FNDA:0,(anonymous_2)
FNDA:0,(anonymous_3)
FNDA:0,(anonymous_4)
FNDA:0,(anonymous_5)
FNDA:0,(anonymous_6)
FNDA:0,(anonymous_7)
FNDA:0,(anonymous_8)
FNDA:0,(anonymous_9)
FNDA:0,(anonymous_10)
FNDA:0,(anonymous_11)
FNDA:0,(anonymous_12)
FNDA:0,(anonymous_13)
FNDA:0,(anonymous_14)
FNDA:0,(anonymous_15)
FNDA:0,(anonymous_16)
FNDA:0,IssuesPage
FNDA:0,(anonymous_18)
FNDA:0,(anonymous_19)
FNDA:0,(anonymous_20)
FNDA:0,(anonymous_21)
FNDA:0,(anonymous_22)
FNDA:0,(anonymous_23)
DA:11,0
DA:17,0
DA:20,0
DA:25,0
DA:26,0
DA:27,0
DA:29,0
DA:30,0
DA:31,0
DA:34,0
DA:39,0
DA:47,0
DA:50,0
DA:60,0
DA:61,0
DA:67,0
DA:68,0
DA:73,0
DA:74,0
DA:88,0
DA:89,0
DA:90,0
DA:91,0
DA:93,0
DA:95,0
DA:99,0
DA:110,0
DA:113,0
DA:144,0
DA:145,0
LF:30
LH:0
BRDA:44,0,0,0
BRDA:44,0,1,0
BRDA:44,1,0,0
BRDA:44,1,1,0
BRDA:47,2,0,0
BRDA:47,2,1,0
BRDA:47,3,0,0
BRDA:47,3,1,0
BRDA:60,4,0,0
BRDA:60,4,1,0
BRDA:67,5,0,0
BRDA:67,5,1,0
BRDA:73,6,0,0
BRDA:73,6,1,0
BRDA:73,7,0,0
BRDA:73,7,1,0
BRDA:74,8,0,0
BRDA:74,8,1,0
BRDA:74,9,0,0
BRDA:74,9,1,0
BRDA:76,10,0,0
BRDA:76,10,1,0
BRDA:77,11,0,0
BRDA:77,11,1,0
BRDA:93,12,0,0
BRDA:93,12,1,0
BRDA:102,13,0,0
BRDA:102,13,1,0
BRDA:131,14,0,0
BRDA:131,14,1,0
BRDA:137,15,0,0
BRDA:137,15,1,0
BRF:32
BRH:0
end_of_record
TN:
SF:src\pages\profile\ProfilePage.tsx
FN:31,(anonymous_0)
FN:37,UserAvatarLarge
FN:49,(anonymous_2)
FN:60,ProfileTab
FN:76,(anonymous_4)
FN:90,(anonymous_5)
FN:92,(anonymous_6)
FN:98,(anonymous_7)
FN:116,(anonymous_8)
FN:116,(anonymous_9)
FN:128,(anonymous_10)
FN:128,(anonymous_11)
FN:136,(anonymous_12)
FN:136,(anonymous_13)
FN:145,(anonymous_14)
FN:145,(anonymous_15)
FN:151,(anonymous_16)
FN:151,(anonymous_17)
FN:161,(anonymous_18)
FN:161,(anonymous_19)
FN:185,(anonymous_20)
FN:185,(anonymous_21)
FN:191,(anonymous_22)
FN:191,(anonymous_23)
FN:223,SecurityTab
FN:241,(anonymous_25)
FN:255,(anonymous_26)
FN:258,(anonymous_27)
FN:260,(anonymous_28)
FN:272,(anonymous_29)
FN:274,(anonymous_30)
FN:278,(anonymous_31)
FN:281,(anonymous_32)
FN:298,(anonymous_33)
FN:298,(anonymous_34)
FN:307,(anonymous_35)
FN:308,(anonymous_36)
FN:320,(anonymous_37)
FN:321,(anonymous_38)
FN:367,(anonymous_39)
FN:399,(anonymous_40)
FN:409,(anonymous_41)
FN:463,ProfilePage
FN:483,(anonymous_43)
FN:486,(anonymous_44)
FNF:45
FNH:0
FNDA:0,(anonymous_0)
FNDA:0,UserAvatarLarge
FNDA:0,(anonymous_2)
FNDA:0,ProfileTab
FNDA:0,(anonymous_4)
FNDA:0,(anonymous_5)
FNDA:0,(anonymous_6)
FNDA:0,(anonymous_7)
FNDA:0,(anonymous_8)
FNDA:0,(anonymous_9)
FNDA:0,(anonymous_10)
FNDA:0,(anonymous_11)
FNDA:0,(anonymous_12)
FNDA:0,(anonymous_13)
FNDA:0,(anonymous_14)
FNDA:0,(anonymous_15)
FNDA:0,(anonymous_16)
FNDA:0,(anonymous_17)
FNDA:0,(anonymous_18)
FNDA:0,(anonymous_19)
FNDA:0,(anonymous_20)
FNDA:0,(anonymous_21)
FNDA:0,(anonymous_22)
FNDA:0,(anonymous_23)
FNDA:0,SecurityTab
FNDA:0,(anonymous_25)
FNDA:0,(anonymous_26)
FNDA:0,(anonymous_27)
FNDA:0,(anonymous_28)
FNDA:0,(anonymous_29)
FNDA:0,(anonymous_30)
FNDA:0,(anonymous_31)
FNDA:0,(anonymous_32)
FNDA:0,(anonymous_33)
FNDA:0,(anonymous_34)
FNDA:0,(anonymous_35)
FNDA:0,(anonymous_36)
FNDA:0,(anonymous_37)
FNDA:0,(anonymous_38)
FNDA:0,(anonymous_39)
FNDA:0,(anonymous_40)
FNDA:0,(anonymous_41)
FNDA:0,ProfilePage
FNDA:0,(anonymous_43)
FNDA:0,(anonymous_44)
DA:10,0
DA:26,0
DA:31,0
DA:32,0
DA:38,0
DA:39,0
DA:47,0
DA:49,0
DA:53,0
DA:61,0
DA:62,0
DA:64,0
DA:74,0
DA:76,0
DA:77,0
DA:78,0
DA:91,0
DA:92,0
DA:98,0
DA:99,0
DA:100,0
DA:101,0
DA:102,0
DA:105,0
DA:116,0
DA:128,0
DA:136,0
DA:145,0
DA:151,0
DA:161,0
DA:185,0
DA:191,0
DA:224,0
DA:225,0
DA:226,0
DA:227,0
DA:228,0
DA:230,0
DA:235,0
DA:236,0
DA:238,0
DA:239,0
DA:241,0
DA:242,0
DA:243,0
DA:244,0
DA:245,0
DA:247,0
DA:248,0
DA:249,0
DA:251,0
DA:252,0
DA:256,0
DA:257,0
DA:258,0
DA:261,0
DA:262,0
DA:263,0
DA:265,0
DA:272,0
DA:273,0
DA:274,0
DA:278,0
DA:279,0
DA:280,0
DA:282,0
DA:283,0
DA:288,0
DA:298,0
DA:308,0
DA:309,0
DA:321,0
DA:322,0
DA:367,0
DA:399,0
DA:409,0
DA:464,0
DA:465,0
DA:467,0
DA:472,0
DA:484,0
DA:486,0
LF:82
LH:0
BRDA:38,0,0,0
BRDA:38,0,1,0
BRDA:65,1,0,0
BRDA:65,1,1,0
BRDA:66,2,0,0
BRDA:66,2,1,0
BRDA:67,3,0,0
BRDA:67,3,1,0
BRDA:68,4,0,0
BRDA:68,4,1,0
BRDA:69,5,0,0
BRDA:69,5,1,0
BRDA:70,6,0,0
BRDA:70,6,1,0
BRDA:71,7,0,0
BRDA:71,7,1,0
BRDA:72,8,0,0
BRDA:72,8,1,0
BRDA:80,9,0,0
BRDA:80,9,1,0
BRDA:81,10,0,0
BRDA:81,10,1,0
BRDA:82,11,0,0
BRDA:82,11,1,0
BRDA:83,12,0,0
BRDA:83,12,1,0
BRDA:84,13,0,0
BRDA:84,13,1,0
BRDA:85,14,0,0
BRDA:85,14,1,0
BRDA:86,15,0,0
BRDA:86,15,1,0
BRDA:87,16,0,0
BRDA:87,16,1,0
BRDA:100,17,0,0
BRDA:100,17,1,0
BRDA:101,18,0,0
BRDA:101,18,1,0
BRDA:109,19,0,0
BRDA:109,19,1,0
BRDA:109,20,0,0
BRDA:109,20,1,0
BRDA:171,21,0,0
BRDA:171,21,1,0
BRDA:197,22,0,0
BRDA:197,22,1,0
BRDA:210,23,0,0
BRDA:210,23,1,0
BRDA:243,24,0,0
BRDA:243,24,1,0
BRDA:247,25,0,0
BRDA:247,25,1,0
BRDA:262,26,0,0
BRDA:262,26,1,0
BRDA:265,27,0,0
BRDA:265,27,1,0
BRDA:309,28,0,0
BRDA:309,28,1,0
BRDA:322,29,0,0
BRDA:322,29,1,0
BRDA:333,30,0,0
BRDA:333,30,1,0
BRDA:351,31,0,0
BRDA:351,31,1,0
BRDA:373,32,0,0
BRDA:373,32,1,0
BRDA:402,33,0,0
BRDA:402,33,1,0
BRDA:448,34,0,0
BRDA:448,34,1,0
BRDA:477,35,0,0
BRDA:477,35,1,0
BRDA:488,36,0,0
BRDA:488,36,1,0
BRDA:499,37,0,0
BRDA:499,37,1,0
BRDA:500,38,0,0
BRDA:500,38,1,0
BRF:78
BRH:0
end_of_record
TN:
SF:src\pages\projects\GanttPage.tsx
FN:22,addDays
FN:27,daysBetween
FN:30,fmtShort
FN:33,toISO
FN:50,GanttPage
FN:54,(anonymous_5)
FN:57,(anonymous_6)
FN:65,(anonymous_7)
FN:68,(anonymous_8)
FN:70,(anonymous_9)
FN:76,(anonymous_10)
FN:79,(anonymous_11)
FN:80,onMove
FN:85,(anonymous_13)
FN:100,onUp
FN:118,(anonymous_15)
FN:124,getEffective
FN:132,startDrag
FN:149,(anonymous_18)
FN:152,(anonymous_19)
FN:152,(anonymous_20)
FN:153,(anonymous_21)
FN:155,(anonymous_22)
FN:164,(anonymous_23)
FN:165,(anonymous_24)
FN:166,(anonymous_25)
FN:184,(anonymous_26)
FN:204,(anonymous_27)
FN:216,(anonymous_28)
FN:225,(anonymous_29)
FN:241,(anonymous_30)
FN:245,(anonymous_31)
FN:267,IssueRow
FN:296,(anonymous_33)
FN:316,(anonymous_34)
FN:322,(anonymous_35)
FN:335,(anonymous_36)
FN:346,TypeBtn
FNF:38
FNH:0
FNDA:0,addDays
FNDA:0,daysBetween
FNDA:0,fmtShort
FNDA:0,toISO
FNDA:0,GanttPage
FNDA:0,(anonymous_5)
FNDA:0,(anonymous_6)
FNDA:0,(anonymous_7)
FNDA:0,(anonymous_8)
FNDA:0,(anonymous_9)
FNDA:0,(anonymous_10)
FNDA:0,(anonymous_11)
FNDA:0,onMove
FNDA:0,(anonymous_13)
FNDA:0,onUp
FNDA:0,(anonymous_15)
FNDA:0,getEffective
FNDA:0,startDrag
FNDA:0,(anonymous_18)
FNDA:0,(anonymous_19)
FNDA:0,(anonymous_20)
FNDA:0,(anonymous_21)
FNDA:0,(anonymous_22)
FNDA:0,(anonymous_23)
FNDA:0,(anonymous_24)
FNDA:0,(anonymous_25)
FNDA:0,(anonymous_26)
FNDA:0,(anonymous_27)
FNDA:0,(anonymous_28)
FNDA:0,(anonymous_29)
FNDA:0,(anonymous_30)
FNDA:0,(anonymous_31)
FNDA:0,IssueRow
FNDA:0,(anonymous_33)
FNDA:0,(anonymous_34)
FNDA:0,(anonymous_35)
FNDA:0,(anonymous_36)
FNDA:0,TypeBtn
DA:11,0
DA:12,0
DA:13,0
DA:14,0
DA:15,0
DA:17,0
DA:23,0
DA:24,0
DA:25,0
DA:28,0
DA:31,0
DA:34,0
DA:51,0
DA:52,0
DA:53,0
DA:54,0
DA:55,0
DA:57,0
DA:58,0
DA:60,0
DA:61,0
DA:62,0
DA:63,0
DA:65,0
DA:67,0
DA:69,0
DA:71,0
DA:72,0
DA:75,0
DA:76,0
DA:79,0
DA:81,0
DA:82,0
DA:83,0
DA:85,0
DA:86,0
DA:87,0
DA:88,0
DA:89,0
DA:90,0
DA:91,0
DA:92,0
DA:94,0
DA:96,0
DA:101,0
DA:102,0
DA:103,0
DA:104,0
DA:105,0
DA:113,0
DA:116,0
DA:117,0
DA:118,0
DA:119,0
DA:120,0
DA:125,0
DA:126,0
DA:133,0
DA:134,0
DA:135,0
DA:139,0
DA:140,0
DA:141,0
DA:142,0
DA:143,0
DA:147,0
DA:149,0
DA:151,0
DA:152,0
DA:153,0
DA:155,0
DA:156,0
DA:158,0
DA:164,0
DA:166,0
DA:185,0
DA:205,0
DA:217,0
DA:225,0
DA:242,0
DA:245,0
DA:278,0
DA:279,0
DA:280,0
DA:282,0
DA:283,0
DA:284,0
DA:285,0
DA:286,0
DA:288,0
DA:296,0
DA:316,0
DA:322,0
DA:335,0
DA:347,0
LF:95
LH:0
BRDA:81,0,0,0
BRDA:81,0,1,0
BRDA:87,1,0,0
BRDA:87,1,1,0
BRDA:89,2,0,0
BRDA:89,2,1,0
BRDA:89,3,0,0
BRDA:89,3,1,0
BRDA:89,4,0,0
BRDA:89,4,1,0
BRDA:90,5,0,0
BRDA:90,5,1,0
BRDA:91,6,0,0
BRDA:91,6,1,0
BRDA:92,7,0,0
BRDA:92,7,1,0
BRDA:94,8,0,0
BRDA:94,8,1,0
BRDA:101,9,0,0
BRDA:101,9,1,0
BRDA:104,10,0,0
BRDA:104,10,1,0
BRDA:109,11,0,0
BRDA:109,11,1,0
BRDA:125,12,0,0
BRDA:125,12,1,0
BRDA:127,13,0,0
BRDA:127,13,1,0
BRDA:128,14,0,0
BRDA:128,14,1,0
BRDA:142,15,0,0
BRDA:142,15,1,0
BRDA:142,16,0,0
BRDA:142,16,1,0
BRDA:149,17,0,0
BRDA:149,17,1,0
BRDA:149,18,0,0
BRDA:149,18,1,0
BRDA:151,19,0,0
BRDA:151,19,1,0
BRDA:155,20,0,0
BRDA:155,20,1,0
BRDA:166,21,0,0
BRDA:166,21,1,0
BRDA:191,22,0,0
BRDA:191,22,1,0
BRDA:191,22,2,0
BRDA:198,23,0,0
BRDA:198,23,1,0
BRDA:198,24,0,0
BRDA:198,24,1,0
BRDA:232,25,0,0
BRDA:232,25,1,0
BRDA:280,26,0,0
BRDA:280,26,1,0
BRDA:286,27,0,0
BRDA:286,27,1,0
BRDA:302,28,0,0
BRDA:302,28,1,0
BRDA:302,28,2,0
BRDA:307,29,0,0
BRDA:307,29,1,0
BRDA:314,30,0,0
BRDA:314,30,1,0
BRDA:325,31,0,0
BRDA:325,31,1,0
BRDA:331,32,0,0
BRDA:331,32,1,0
BRDA:351,33,0,0
BRDA:351,33,1,0
BRF:70
BRH:0
end_of_record
TN:
SF:src\pages\projects\KanbanPage.tsx
FN:8,KanbanPage
FN:16,(anonymous_1)
FN:20,(anonymous_2)
FN:38,(anonymous_3)
FN:48,(anonymous_4)
FNF:5
FNH:0
FNDA:0,KanbanPage
FNDA:0,(anonymous_1)
FNDA:0,(anonymous_2)
FNDA:0,(anonymous_3)
FNDA:0,(anonymous_4)
DA:9,0
DA:10,0
DA:11,0
DA:12,0
DA:14,0
DA:16,0
DA:19,0
DA:20,0
DA:23,0
DA:24,0
DA:31,0
DA:38,0
DA:48,0
LF:13
LH:0
BRDA:12,0,0,0
BRDA:19,1,0,0
BRDA:19,1,1,0
BRDA:19,2,0,0
BRDA:19,2,1,0
BRDA:20,3,0,0
BRDA:20,3,1,0
BRDA:21,4,0,0
BRDA:21,4,1,0
BRDA:23,5,0,0
BRDA:23,5,1,0
BRDA:23,6,0,0
BRDA:23,6,1,0
BRDA:35,7,0,0
BRDA:35,7,1,0
BRDA:40,8,0,0
BRDA:40,8,1,0
BRDA:50,9,0,0
BRDA:50,9,1,0
BRDA:61,10,0,0
BRDA:61,10,1,0
BRDA:61,10,2,0
BRDA:64,11,0,0
BRDA:64,11,1,0
BRDA:65,12,0,0
BRDA:65,12,1,0
BRDA:81,13,0,0
BRDA:81,13,1,0
BRF:28
BRH:0
end_of_record
TN:
SF:src\pages\projects\ProjectDetailPage.tsx
FN:8,ProjectDetailPage
FN:43,(anonymous_1)
FN:60,NavBtn
FNF:3
FNH:0
FNDA:0,ProjectDetailPage
FNDA:0,(anonymous_1)
FNDA:0,NavBtn
DA:4,0
DA:9,0
DA:10,0
DA:12,0
DA:13,0
DA:15,0
DA:16,0
DA:19,0
DA:44,0
DA:61,0
LF:10
LH:0
BRDA:12,0,0,0
BRDA:12,0,1,0
BRDA:15,1,0,0
BRDA:15,1,1,0
BRDA:24,2,0,0
BRDA:24,2,1,0
BRDA:30,3,0,0
BRDA:30,3,1,0
BRDA:50,4,0,0
BRDA:50,4,1,0
BRF:10
BRH:0
end_of_record
TN:
SF:src\pages\projects\ProjectsPage.tsx
FN:9,CreateProjectModal
FN:13,(anonymous_1)
FN:23,(anonymous_2)
FN:23,(anonymous_3)
FN:32,(anonymous_4)
FN:32,(anonymous_5)
FN:52,ProjectCard
FN:90,ProjectsPage
FN:117,(anonymous_8)
FN:137,(anonymous_9)
FN:141,(anonymous_10)
FN:147,(anonymous_11)
FN:148,(anonymous_12)
FNF:13
FNH:0
FNDA:0,CreateProjectModal
FNDA:0,(anonymous_1)
FNDA:0,(anonymous_2)
FNDA:0,(anonymous_3)
FNDA:0,(anonymous_4)
FNDA:0,(anonymous_5)
FNDA:0,ProjectCard
FNDA:0,ProjectsPage
FNDA:0,(anonymous_8)
FNDA:0,(anonymous_9)
FNDA:0,(anonymous_10)
FNDA:0,(anonymous_11)
FNDA:0,(anonymous_12)
DA:10,0
DA:11,0
DA:13,0
DA:14,0
DA:15,0
DA:18,0
DA:23,0
DA:32,0
DA:53,0
DA:91,0
DA:92,0
DA:94,0
DA:95,0
DA:108,0
DA:117,0
DA:137,0
DA:142,0
DA:147,0
DA:148,0
LF:19
LH:0
BRDA:31,0,0,0
BRDA:31,0,1,0
BRDA:35,1,0,0
BRDA:35,1,1,0
BRDA:37,2,0,0
BRDA:37,2,1,0
BRDA:66,3,0,0
BRDA:66,3,1,0
BRDA:76,4,0,0
BRDA:76,4,1,0
BRDA:83,5,0,0
BRDA:83,5,1,0
BRDA:94,6,0,0
BRDA:94,6,1,0
BRDA:114,7,0,0
BRDA:114,7,1,0
BRDA:114,8,0,0
BRDA:114,8,1,0
BRDA:125,9,0,0
BRDA:125,9,1,0
BRF:20
BRH:0
end_of_record
TN:
SF:src\pages\projects\VelocityPage.tsx
FN:6,VelocityPage
FN:12,(anonymous_1)
FN:13,(anonymous_2)
FN:15,(anonymous_3)
FN:17,(anonymous_4)
FN:18,(anonymous_5)
FN:20,(anonymous_6)
FN:25,(anonymous_7)
FN:34,(anonymous_8)
FN:38,(anonymous_9)
FN:57,(anonymous_10)
FN:95,(anonymous_11)
FN:124,(anonymous_12)
FN:125,(anonymous_13)
FN:155,(anonymous_14)
FN:175,(anonymous_15)
FNF:16
FNH:0
FNDA:0,VelocityPage
FNDA:0,(anonymous_1)
FNDA:0,(anonymous_2)
FNDA:0,(anonymous_3)
FNDA:0,(anonymous_4)
FNDA:0,(anonymous_5)
FNDA:0,(anonymous_6)
FNDA:0,(anonymous_7)
FNDA:0,(anonymous_8)
FNDA:0,(anonymous_9)
FNDA:0,(anonymous_10)
FNDA:0,(anonymous_11)
FNDA:0,(anonymous_12)
FNDA:0,(anonymous_13)
FNDA:0,(anonymous_14)
FNDA:0,(anonymous_15)
DA:7,0
DA:8,0
DA:9,0
DA:11,0
DA:12,0
DA:13,0
DA:15,0
DA:16,0
DA:17,0
DA:18,0
DA:20,0
DA:23,0
DA:25,0
DA:30,0
DA:34,0
DA:38,0
DA:41,0
DA:43,0
DA:44,0
DA:45,0
DA:46,0
DA:47,0
DA:49,0
DA:50,0
DA:51,0
DA:52,0
DA:54,0
DA:57,0
DA:59,0
DA:66,0
DA:96,0
DA:125,0
DA:126,0
DA:129,0
DA:132,0
DA:156,0
DA:176,0
DA:177,0
DA:178,0
LF:39
LH:0
BRDA:8,0,0,0
BRDA:9,1,0,0
BRDA:18,2,0,0
BRDA:18,2,1,0
BRDA:23,3,0,0
BRDA:23,3,1,0
BRDA:30,4,0,0
BRDA:30,4,1,0
BRDA:44,5,0,0
BRDA:44,5,1,0
BRDA:46,6,0,0
BRDA:46,6,1,0
BRDA:50,7,0,0
BRDA:50,7,1,0
BRDA:51,8,0,0
BRDA:51,8,1,0
BRDA:51,9,0,0
BRDA:51,9,1,0
BRDA:54,10,0,0
BRDA:54,10,1,0
BRDA:86,11,0,0
BRDA:86,11,1,0
BRDA:101,12,0,0
BRDA:101,12,1,0
BRDA:105,13,0,0
BRDA:105,13,1,0
BRDA:114,14,0,0
BRDA:114,14,1,0
BRDA:126,15,0,0
BRDA:126,15,1,0
BRDA:129,16,0,0
BRDA:129,16,1,0
BRDA:137,17,0,0
BRDA:137,17,1,0
BRDA:137,18,0,0
BRDA:137,18,1,0
BRDA:149,19,0,0
BRDA:149,19,1,0
BRDA:163,20,0,0
BRDA:163,20,1,0
BRDA:170,21,0,0
BRDA:170,21,1,0
BRDA:170,22,0,0
BRDA:170,22,1,0
BRDA:170,23,0,0
BRDA:170,23,1,0
BRDA:170,24,0,0
BRDA:170,24,1,0
BRDA:170,24,2,0
BRDA:170,24,3,0
BRDA:171,25,0,0
BRDA:171,25,1,0
BRDA:176,26,0,0
BRDA:176,26,1,0
BRDA:177,27,0,0
BRDA:177,27,1,0
BRF:56
BRH:0
end_of_record
TN:
SF:src\store\auth.store.ts
FN:14,(anonymous_0)
FN:19,(anonymous_1)
FN:23,(anonymous_2)
FN:30,(anonymous_3)
FNF:4
FNH:4
FNDA:1,(anonymous_0)
FNDA:6,(anonymous_1)
FNDA:3,(anonymous_2)
FNDA:16,(anonymous_3)
DA:13,1
DA:15,1
DA:20,6
DA:21,6
DA:24,3
DA:25,3
DA:30,16
LF:7
LH:7
BRF:0
BRH:0
end_of_record
TN:
SF:src\store\drawer.store.ts
FN:11,(anonymous_0)
FN:15,(anonymous_1)
FN:16,(anonymous_2)
FNF:3
FNH:3
FNDA:1,(anonymous_0)
FNDA:8,(anonymous_1)
FNDA:5,(anonymous_2)
DA:11,1
DA:15,8
DA:16,5
LF:3
LH:3
BRF:0
BRH:0
end_of_record
